This file contains any messages produced by compilers while
running configure, to aid debugging if configure makes a mistake.

It was created by HepMC configure 2.06.09, which was
generated by GNU Autoconf 2.59.  Invocation command line was

  $ ./configure --enable-dependency-tracking --with-momentum=GEV --with-length=MM --with-pic

## --------- ##
## Platform. ##
## --------- ##

hostname = localhost
uname -m = x86_64
uname -r = 5.2.0-21.2-liquorix-amd64
uname -s = Linux
uname -v = #1 ZEN SMP PREEMPT liquorix 5.2-31.1~sid (2019-10-17)

/usr/bin/uname -p = unknown
/bin/uname -X     = unknown

/bin/arch              = x86_64
/usr/bin/arch -k       = unknown
/usr/convex/getsysinfo = unknown
hostinfo               = unknown
/bin/machine           = unknown
/usr/bin/oslevel       = unknown
/bin/universe          = unknown

PATH: /usr/local/sbin
PATH: /usr/local/bin
PATH: /usr/sbin
PATH: /usr/bin
PATH: /sbin
PATH: /bin


## ----------- ##
## Core tests. ##
## ----------- ##

configure:1549: checking build system type
configure:1567: result: x86_64-unknown-linux-gnu
configure:1575: checking host system type
configure:1589: result: x86_64-unknown-linux-gnu
configure:1597: checking target system type
configure:1611: result: x86_64-unknown-linux-gnu
configure:1639: checking for a BSD-compatible install
configure:1694: result: /usr/bin/install -c
configure:1705: checking whether build environment is sane
configure:1748: result: yes
configure:1813: checking for gawk
configure:1829: found /usr/bin/gawk
configure:1839: result: gawk
configure:1849: checking whether make sets $(MAKE)
configure:1869: result: yes
configure:2182: checking for g++
configure:2198: found /usr/bin/g++
configure:2208: result: g++
configure:2224: checking for C++ compiler version
configure:2227: g++ --version </dev/null >&5
g++ (Debian 8.3.0-6) 8.3.0
Copyright (C) 2018 Free Software Foundation, Inc.
This is free software; see the source for copying conditions.  There is NO
warranty; not even for MERCHANTABILITY or FITNESS FOR A PARTICULAR PURPOSE.

configure:2230: $? = 0
configure:2232: g++ -v </dev/null >&5
Using built-in specs.
COLLECT_GCC=g++
COLLECT_LTO_WRAPPER=/usr/lib/gcc/x86_64-linux-gnu/8/lto-wrapper
OFFLOAD_TARGET_NAMES=nvptx-none
OFFLOAD_TARGET_DEFAULT=1
Target: x86_64-linux-gnu
Configured with: ../src/configure -v --with-pkgversion='Debian 8.3.0-6' --with-bugurl=file:///usr/share/doc/gcc-8/README.Bugs --enable-languages=c,ada,c++,go,brig,d,fortran,objc,obj-c++ --prefix=/usr --with-gcc-major-version-only --program-suffix=-8 --program-prefix=x86_64-linux-gnu- --enable-shared --enable-linker-build-id --libexecdir=/usr/lib --without-included-gettext --enable-threads=posix --libdir=/usr/lib --enable-nls --enable-bootstrap --enable-clocale=gnu --enable-libstdcxx-debug --enable-libstdcxx-time=yes --with-default-libstdcxx-abi=new --enable-gnu-unique-object --disable-vtable-verify --enable-libmpx --enable-plugin --enable-default-pie --with-system-zlib --with-target-system-zlib --enable-objc-gc=auto --enable-multiarch --disable-werror --with-arch-32=i686 --with-abi=m64 --with-multilib-list=m32,m64,mx32 --enable-multilib --with-tune=generic --enable-offload-targets=nvptx-none --without-cuda-driver --enable-checking=release --build=x86_64-linux-gnu --host=x86_64-linux-gnu --target=x86_64-linux-gnu
Thread model: posix
gcc version 8.3.0 (Debian 8.3.0-6) 
configure:2235: $? = 0
configure:2237: g++ -V </dev/null >&5
g++: error: unrecognized command line option '-V'
g++: fatal error: no input files
compilation terminated.
configure:2240: $? = 1
configure:2263: checking for C++ compiler default output file name
configure:2266: g++    conftest.cc  >&5
configure:2269: $? = 0
configure:2315: result: a.out
configure:2320: checking whether the C++ compiler works
configure:2326: ./a.out
configure:2329: $? = 0
configure:2346: result: yes
configure:2353: checking whether we are cross compiling
configure:2355: result: no
configure:2358: checking for suffix of executables
configure:2360: g++ -o conftest    conftest.cc  >&5
configure:2363: $? = 0
configure:2388: result: 
configure:2394: checking for suffix of object files
configure:2415: g++ -c   conftest.cc >&5
configure:2418: $? = 0
configure:2440: result: o
configure:2444: checking whether we are using the GNU C++ compiler
configure:2468: g++ -c   conftest.cc >&5
configure:2474: $? = 0
configure:2478: test -z 
			 || test ! -s conftest.err
configure:2481: $? = 0
configure:2484: test -s conftest.o
configure:2487: $? = 0
configure:2500: result: yes
configure:2506: checking whether g++ accepts -g
configure:2527: g++ -c -g  conftest.cc >&5
configure:2533: $? = 0
configure:2537: test -z 
			 || test ! -s conftest.err
configure:2540: $? = 0
configure:2543: test -s conftest.o
configure:2546: $? = 0
configure:2557: result: yes
configure:2599: g++ -c -g -O2  conftest.cc >&5
configure:2605: $? = 0
configure:2609: test -z 
			 || test ! -s conftest.err
configure:2612: $? = 0
configure:2615: test -s conftest.o
configure:2618: $? = 0
configure:2644: g++ -c -g -O2  conftest.cc >&5
conftest.cc: In function 'int main()':
conftest.cc:15:1: error: 'exit' was not declared in this scope
 exit (42);
 ^~~~
configure:2650: $? = 1
configure: failed program was:
| /* confdefs.h.  */
| 
| #define PACKAGE_NAME "HepMC"
| #define PACKAGE_TARNAME "HepMC"
| #define PACKAGE_VERSION "2.06.09"
| #define PACKAGE_STRING "HepMC 2.06.09"
| #define PACKAGE_BUGREPORT "https://savannah.cern.ch/projects/hepmc/"
| #define PACKAGE "HepMC"
| #define VERSION "2.06.09"
| /* end confdefs.h.  */
| 
| int
| main ()
| {
| exit (42);
|   ;
|   return 0;
| }
configure:2599: g++ -c -g -O2  conftest.cc >&5
configure:2605: $? = 0
configure:2609: test -z 
			 || test ! -s conftest.err
configure:2612: $? = 0
configure:2615: test -s conftest.o
configure:2618: $? = 0
configure:2644: g++ -c -g -O2  conftest.cc >&5
configure:2650: $? = 0
configure:2654: test -z 
			 || test ! -s conftest.err
configure:2657: $? = 0
configure:2660: test -s conftest.o
configure:2663: $? = 0
configure:2697: checking for style of include used by make
configure:2725: result: GNU
configure:2753: checking dependency style of g++
configure:2843: result: gcc3
configure:2906: checking for gcc
configure:2922: found /usr/bin/gcc
configure:2932: result: gcc
configure:3176: checking for C compiler version
configure:3179: gcc --version </dev/null >&5
gcc (Debian 8.3.0-6) 8.3.0
Copyright (C) 2018 Free Software Foundation, Inc.
This is free software; see the source for copying conditions.  There is NO
warranty; not even for MERCHANTABILITY or FITNESS FOR A PARTICULAR PURPOSE.

configure:3182: $? = 0
configure:3184: gcc -v </dev/null >&5
Using built-in specs.
COLLECT_GCC=gcc
COLLECT_LTO_WRAPPER=/usr/lib/gcc/x86_64-linux-gnu/8/lto-wrapper
OFFLOAD_TARGET_NAMES=nvptx-none
OFFLOAD_TARGET_DEFAULT=1
Target: x86_64-linux-gnu
Configured with: ../src/configure -v --with-pkgversion='Debian 8.3.0-6' --with-bugurl=file:///usr/share/doc/gcc-8/README.Bugs --enable-languages=c,ada,c++,go,brig,d,fortran,objc,obj-c++ --prefix=/usr --with-gcc-major-version-only --program-suffix=-8 --program-prefix=x86_64-linux-gnu- --enable-shared --enable-linker-build-id --libexecdir=/usr/lib --without-included-gettext --enable-threads=posix --libdir=/usr/lib --enable-nls --enable-bootstrap --enable-clocale=gnu --enable-libstdcxx-debug --enable-libstdcxx-time=yes --with-default-libstdcxx-abi=new --enable-gnu-unique-object --disable-vtable-verify --enable-libmpx --enable-plugin --enable-default-pie --with-system-zlib --with-target-system-zlib --enable-objc-gc=auto --enable-multiarch --disable-werror --with-arch-32=i686 --with-abi=m64 --with-multilib-list=m32,m64,mx32 --enable-multilib --with-tune=generic --enable-offload-targets=nvptx-none --without-cuda-driver --enable-checking=release --build=x86_64-linux-gnu --host=x86_64-linux-gnu --target=x86_64-linux-gnu
Thread model: posix
gcc version 8.3.0 (Debian 8.3.0-6) 
configure:3187: $? = 0
configure:3189: gcc -V </dev/null >&5
gcc: error: unrecognized command line option '-V'
gcc: fatal error: no input files
compilation terminated.
configure:3192: $? = 1
configure:3195: checking whether we are using the GNU C compiler
configure:3219: gcc -c   conftest.c >&5
configure:3225: $? = 0
configure:3229: test -z 
			 || test ! -s conftest.err
configure:3232: $? = 0
configure:3235: test -s conftest.o
configure:3238: $? = 0
configure:3251: result: yes
configure:3257: checking whether gcc accepts -g
configure:3278: gcc -c -g  conftest.c >&5
configure:3284: $? = 0
configure:3288: test -z 
			 || test ! -s conftest.err
configure:3291: $? = 0
configure:3294: test -s conftest.o
configure:3297: $? = 0
configure:3308: result: yes
configure:3325: checking for gcc option to accept ANSI C
configure:3395: gcc  -c -g -O2  conftest.c >&5
configure:3401: $? = 0
configure:3405: test -z 
			 || test ! -s conftest.err
configure:3408: $? = 0
configure:3411: test -s conftest.o
configure:3414: $? = 0
configure:3432: result: none needed
configure:3450: gcc -c -g -O2  conftest.c >&5
conftest.c:2:3: error: unknown type name 'choke'
   choke me
   ^~~~~
conftest.c:2:3: error: expected '=', ',', ';', 'asm' or '__attribute__' at end of input
configure:3456: $? = 1
configure: failed program was:
| #ifndef __cplusplus
|   choke me
| #endif
configure:3591: checking dependency style of gcc
configure:3681: result: gcc3
configure:3698: checking whether make sets $(MAKE)
configure:3718: result: yes
configure:3778: checking for gfortran
configure:3794: found /usr/bin/gfortran
configure:3804: result: gfortran
configure:3821: checking for Fortran 77 compiler version
configure:3822: gfortran --version </dev/null >&5
GNU Fortran (Debian 8.3.0-6) 8.3.0
Copyright (C) 2018 Free Software Foundation, Inc.
This is free software; see the source for copying conditions.  There is NO
warranty; not even for MERCHANTABILITY or FITNESS FOR A PARTICULAR PURPOSE.

configure:3825: $? = 0
configure:3827: gfortran -v </dev/null >&5
Using built-in specs.
COLLECT_GCC=gfortran
COLLECT_LTO_WRAPPER=/usr/lib/gcc/x86_64-linux-gnu/8/lto-wrapper
OFFLOAD_TARGET_NAMES=nvptx-none
OFFLOAD_TARGET_DEFAULT=1
Target: x86_64-linux-gnu
Configured with: ../src/configure -v --with-pkgversion='Debian 8.3.0-6' --with-bugurl=file:///usr/share/doc/gcc-8/README.Bugs --enable-languages=c,ada,c++,go,brig,d,fortran,objc,obj-c++ --prefix=/usr --with-gcc-major-version-only --program-suffix=-8 --program-prefix=x86_64-linux-gnu- --enable-shared --enable-linker-build-id --libexecdir=/usr/lib --without-included-gettext --enable-threads=posix --libdir=/usr/lib --enable-nls --enable-bootstrap --enable-clocale=gnu --enable-libstdcxx-debug --enable-libstdcxx-time=yes --with-default-libstdcxx-abi=new --enable-gnu-unique-object --disable-vtable-verify --enable-libmpx --enable-plugin --enable-default-pie --with-system-zlib --with-target-system-zlib --enable-objc-gc=auto --enable-multiarch --disable-werror --with-arch-32=i686 --with-abi=m64 --with-multilib-list=m32,m64,mx32 --enable-multilib --with-tune=generic --enable-offload-targets=nvptx-none --without-cuda-driver --enable-checking=release --build=x86_64-linux-gnu --host=x86_64-linux-gnu --target=x86_64-linux-gnu
Thread model: posix
gcc version 8.3.0 (Debian 8.3.0-6) 
configure:3830: $? = 0
configure:3832: gfortran -V </dev/null >&5
gfortran: error: unrecognized command line option '-V'
gfortran: fatal error: no input files
compilation terminated.
configure:3835: $? = 1
configure:3843: checking whether we are using the GNU Fortran 77 compiler
configure:3857: gfortran -c  conftest.F >&5
configure:3863: $? = 0
configure:3867: test -z 
			 || test ! -s conftest.err
configure:3870: $? = 0
configure:3873: test -s conftest.o
configure:3876: $? = 0
configure:3889: result: yes
configure:3895: checking whether gfortran accepts -g
configure:3907: gfortran -c -g conftest.f >&5
configure:3913: $? = 0
configure:3917: test -z 
			 || test ! -s conftest.err
configure:3920: $? = 0
configure:3923: test -s conftest.o
configure:3926: $? = 0
configure:3938: result: yes
configure:4039: checking for a sed that does not truncate output
configure:4095: result: /usr/bin/sed
configure:4098: checking for egrep
configure:4108: result: grep -E
configure:4124: checking for ld used by gcc
configure:4191: result: /usr/bin/ld
configure:4200: checking if the linker (/usr/bin/ld) is GNU ld
configure:4215: result: yes
configure:4220: checking for /usr/bin/ld option to reload object files
configure:4227: result: -r
configure:4245: checking for BSD-compatible nm
configure:4294: result: /usr/bin/nm -B
configure:4298: checking whether ln -s works
configure:4302: result: yes
configure:4309: checking how to recognise dependent libraries
configure:4485: result: pass_all
configure:4573: gcc -c -g -O2  conftest.c >&5
configure:4576: $? = 0
configure:4964: checking how to run the C preprocessor
configure:4999: gcc -E  conftest.c
configure:5005: $? = 0
configure:5037: gcc -E  conftest.c
conftest.c:14:10: fatal error: ac_nonexistent.h: No such file or directory
 #include <ac_nonexistent.h>
          ^~~~~~~~~~~~~~~~~~
compilation terminated.
configure:5043: $? = 1
configure: failed program was:
| /* confdefs.h.  */
| 
| #define PACKAGE_NAME "HepMC"
| #define PACKAGE_TARNAME "HepMC"
| #define PACKAGE_VERSION "2.06.09"
| #define PACKAGE_STRING "HepMC 2.06.09"
| #define PACKAGE_BUGREPORT "https://savannah.cern.ch/projects/hepmc/"
| #define PACKAGE "HepMC"
| #define VERSION "2.06.09"
| #ifdef __cplusplus
| extern "C" void std::exit (int) throw (); using std::exit;
| #endif
| /* end confdefs.h.  */
| #include <ac_nonexistent.h>
configure:5082: result: gcc -E
configure:5106: gcc -E  conftest.c
configure:5112: $? = 0
configure:5144: gcc -E  conftest.c
conftest.c:14:10: fatal error: ac_nonexistent.h: No such file or directory
 #include <ac_nonexistent.h>
          ^~~~~~~~~~~~~~~~~~
compilation terminated.
configure:5150: $? = 1
configure: failed program was:
| /* confdefs.h.  */
| 
| #define PACKAGE_NAME "HepMC"
| #define PACKAGE_TARNAME "HepMC"
| #define PACKAGE_VERSION "2.06.09"
| #define PACKAGE_STRING "HepMC 2.06.09"
| #define PACKAGE_BUGREPORT "https://savannah.cern.ch/projects/hepmc/"
| #define PACKAGE "HepMC"
| #define VERSION "2.06.09"
| #ifdef __cplusplus
| extern "C" void std::exit (int) throw (); using std::exit;
| #endif
| /* end confdefs.h.  */
| #include <ac_nonexistent.h>
configure:5194: checking for ANSI C header files
configure:5219: gcc -c -g -O2  conftest.c >&5
configure:5225: $? = 0
configure:5229: test -z 
			 || test ! -s conftest.err
configure:5232: $? = 0
configure:5235: test -s conftest.o
configure:5238: $? = 0
configure:5327: gcc -o conftest -g -O2   conftest.c  >&5
conftest.c: In function 'main':
conftest.c:31:7: warning: implicit declaration of function 'exit' [-Wimplicit-function-declaration]
       exit(2);
       ^~~~
conftest.c:31:7: warning: incompatible implicit declaration of built-in function 'exit'
conftest.c:31:7: note: include '<stdlib.h>' or provide a declaration of 'exit'
conftest.c:15:1:
+#include <stdlib.h>
 #if ((' ' & 0x0FF) == 0x020)
conftest.c:31:7:
       exit(2);
       ^~~~
conftest.c:32:3: warning: incompatible implicit declaration of built-in function 'exit'
   exit (0);
   ^~~~
conftest.c:32:3: note: include '<stdlib.h>' or provide a declaration of 'exit'
configure:5330: $? = 0
configure:5332: ./conftest
configure:5335: $? = 0
configure:5350: result: yes
configure:5374: checking for sys/types.h
configure:5390: gcc -c -g -O2  conftest.c >&5
configure:5396: $? = 0
configure:5400: test -z 
			 || test ! -s conftest.err
configure:5403: $? = 0
configure:5406: test -s conftest.o
configure:5409: $? = 0
configure:5420: result: yes
configure:5374: checking for sys/stat.h
configure:5390: gcc -c -g -O2  conftest.c >&5
configure:5396: $? = 0
configure:5400: test -z 
			 || test ! -s conftest.err
configure:5403: $? = 0
configure:5406: test -s conftest.o
configure:5409: $? = 0
configure:5420: result: yes
configure:5374: checking for stdlib.h
configure:5390: gcc -c -g -O2  conftest.c >&5
configure:5396: $? = 0
configure:5400: test -z 
			 || test ! -s conftest.err
configure:5403: $? = 0
configure:5406: test -s conftest.o
configure:5409: $? = 0
configure:5420: result: yes
configure:5374: checking for string.h
configure:5390: gcc -c -g -O2  conftest.c >&5
configure:5396: $? = 0
configure:5400: test -z 
			 || test ! -s conftest.err
configure:5403: $? = 0
configure:5406: test -s conftest.o
configure:5409: $? = 0
configure:5420: result: yes
configure:5374: checking for memory.h
configure:5390: gcc -c -g -O2  conftest.c >&5
configure:5396: $? = 0
configure:5400: test -z 
			 || test ! -s conftest.err
configure:5403: $? = 0
configure:5406: test -s conftest.o
configure:5409: $? = 0
configure:5420: result: yes
configure:5374: checking for strings.h
configure:5390: gcc -c -g -O2  conftest.c >&5
configure:5396: $? = 0
configure:5400: test -z 
			 || test ! -s conftest.err
configure:5403: $? = 0
configure:5406: test -s conftest.o
configure:5409: $? = 0
configure:5420: result: yes
configure:5374: checking for inttypes.h
configure:5390: gcc -c -g -O2  conftest.c >&5
configure:5396: $? = 0
configure:5400: test -z 
			 || test ! -s conftest.err
configure:5403: $? = 0
configure:5406: test -s conftest.o
configure:5409: $? = 0
configure:5420: result: yes
configure:5374: checking for stdint.h
configure:5390: gcc -c -g -O2  conftest.c >&5
configure:5396: $? = 0
configure:5400: test -z 
			 || test ! -s conftest.err
configure:5403: $? = 0
configure:5406: test -s conftest.o
configure:5409: $? = 0
configure:5420: result: yes
configure:5374: checking for unistd.h
configure:5390: gcc -c -g -O2  conftest.c >&5
configure:5396: $? = 0
configure:5400: test -z 
			 || test ! -s conftest.err
configure:5403: $? = 0
configure:5406: test -s conftest.o
configure:5409: $? = 0
configure:5420: result: yes
configure:5446: checking dlfcn.h usability
configure:5458: gcc -c -g -O2  conftest.c >&5
configure:5464: $? = 0
configure:5468: test -z 
			 || test ! -s conftest.err
configure:5471: $? = 0
configure:5474: test -s conftest.o
configure:5477: $? = 0
configure:5487: result: yes
configure:5491: checking dlfcn.h presence
configure:5501: gcc -E  conftest.c
configure:5507: $? = 0
configure:5527: result: yes
configure:5562: checking for dlfcn.h
configure:5569: result: yes
configure:5592: checking how to run the C++ preprocessor
configure:5623: g++ -E  conftest.cc
configure:5629: $? = 0
configure:5661: g++ -E  conftest.cc
conftest.cc:25:10: fatal error: ac_nonexistent.h: No such file or directory
 #include <ac_nonexistent.h>
          ^~~~~~~~~~~~~~~~~~
compilation terminated.
configure:5667: $? = 1
configure: failed program was:
| /* confdefs.h.  */
| 
| #define PACKAGE_NAME "HepMC"
| #define PACKAGE_TARNAME "HepMC"
| #define PACKAGE_VERSION "2.06.09"
| #define PACKAGE_STRING "HepMC 2.06.09"
| #define PACKAGE_BUGREPORT "https://savannah.cern.ch/projects/hepmc/"
| #define PACKAGE "HepMC"
| #define VERSION "2.06.09"
| #ifdef __cplusplus
| extern "C" void std::exit (int) throw (); using std::exit;
| #endif
| #define STDC_HEADERS 1
| #define HAVE_SYS_TYPES_H 1
| #define HAVE_SYS_STAT_H 1
| #define HAVE_STDLIB_H 1
| #define HAVE_STRING_H 1
| #define HAVE_MEMORY_H 1
| #define HAVE_STRINGS_H 1
| #define HAVE_INTTYPES_H 1
| #define HAVE_STDINT_H 1
| #define HAVE_UNISTD_H 1
| #define HAVE_DLFCN_H 1
| /* end confdefs.h.  */
| #include <ac_nonexistent.h>
configure:5706: result: g++ -E
configure:5730: g++ -E  conftest.cc
configure:5736: $? = 0
configure:5768: g++ -E  conftest.cc
conftest.cc:25:10: fatal error: ac_nonexistent.h: No such file or directory
 #include <ac_nonexistent.h>
          ^~~~~~~~~~~~~~~~~~
compilation terminated.
configure:5774: $? = 1
configure: failed program was:
| /* confdefs.h.  */
| 
| #define PACKAGE_NAME "HepMC"
| #define PACKAGE_TARNAME "HepMC"
| #define PACKAGE_VERSION "2.06.09"
| #define PACKAGE_STRING "HepMC 2.06.09"
| #define PACKAGE_BUGREPORT "https://savannah.cern.ch/projects/hepmc/"
| #define PACKAGE "HepMC"
| #define VERSION "2.06.09"
| #ifdef __cplusplus
| extern "C" void std::exit (int) throw (); using std::exit;
| #endif
| #define STDC_HEADERS 1
| #define HAVE_SYS_TYPES_H 1
| #define HAVE_SYS_STAT_H 1
| #define HAVE_STDLIB_H 1
| #define HAVE_STRING_H 1
| #define HAVE_MEMORY_H 1
| #define HAVE_STRINGS_H 1
| #define HAVE_INTTYPES_H 1
| #define HAVE_STDINT_H 1
| #define HAVE_UNISTD_H 1
| #define HAVE_DLFCN_H 1
| /* end confdefs.h.  */
| #include <ac_nonexistent.h>
configure:5825: checking the maximum length of command line arguments
configure:5934: result: 32768
configure:5945: checking command to parse /usr/bin/nm -B output from gcc object
configure:6050: g++ -c -g -O2  conftest.cc >&5
configure:6053: $? = 0
configure:6057: /usr/bin/nm -B conftest.o \| sed -n -e 's/^.*[ 	]\([ABCDGIRSTW][ABCDGIRSTW]*\)[ 	][ 	]*\([_A-Za-z][_A-Za-z0-9]*\)$/\1 \2 \2/p' \> conftest.nm
configure:6060: $? = 0
configure:6112: g++ -o conftest -g -O2   conftest.cc conftstm.o >&5
configure:6115: $? = 0
configure:6153: result: ok
configure:6157: checking for objdir
configure:6172: result: .libs
configure:6262: checking for ar
configure:6278: found /usr/bin/ar
configure:6289: result: ar
configure:6342: checking for ranlib
configure:6358: found /usr/bin/ranlib
configure:6369: result: ranlib
configure:6422: checking for strip
configure:6438: found /usr/bin/strip
configure:6449: result: strip
configure:6725: checking if gcc supports -fno-rtti -fno-exceptions
configure:6745: gcc -c -g -O2  -fno-rtti -fno-exceptions conftest.c >&5
cc1: warning: command line option '-fno-rtti' is valid for C++/ObjC++ but not for C
configure:6749: $? = 0
configure:6760: result: no
configure:6750: checking for gcc option to produce PIC
configure:6960: result: -fPIC
configure:6968: checking if gcc PIC flag -fPIC works
configure:7013: gcc -c -g -O2  -fPIC -DPIC conftest.c >&5
configure:7017: $? = 0
configure:7003: result: yes
configure:7002: checking if gcc static flag -static works
configure:7030: result: yes
configure:7040: checking if gcc supports -c -o file.o
configure:7117: gcc -c -g -O2  -o out/conftest2.o conftest.c >&5
configure:7121: $? = 0
configure:7063: result: yes
configure:7089: checking whether the gcc linker (/usr/bin/ld -m elf_x86_64) supports shared libraries
configure:8047: result: yes
configure:8068: checking whether -lc should be explicitly linked in
configure:8073: gcc -c -g -O2  conftest.c >&5
configure:8076: $? = 0
configure:8091: gcc -shared conftest.o  -v -Wl,-soname -Wl,conftest -o conftest 2\>\&1 \| grep  -lc  \>/dev/null 2\>\&1
configure:8094: $? = 0
configure:8106: result: no
configure:8114: checking dynamic linker characteristics
configure:8507: gcc -c -g -O2  conftest.c >&5
configure:8510: $? = 0
configure:8723: result: GNU/Linux ld.so
configure:8732: checking how to hardcode library paths into programs
configure:8757: result: immediate
configure:8771: checking whether stripping libraries is possible
configure:8776: result: yes
configure:9610: checking if libtool supports shared libraries
configure:9612: result: yes
configure:9615: checking whether to build shared libraries
configure:9636: result: yes
configure:9639: checking whether to build static libraries
configure:9643: result: yes
configure:9735: creating libtool
configure:10326: checking for ld used by g++
configure:10393: result: /usr/bin/ld -m elf_x86_64
configure:10402: checking if the linker (/usr/bin/ld -m elf_x86_64) is GNU ld
configure:10417: result: yes
configure:10468: checking whether the g++ linker (/usr/bin/ld -m elf_x86_64) supports shared libraries
configure:11406: result: yes
configure:11428: g++ -c -g -O2  conftest.cpp >&5
configure:11431: $? = 0
configure:11550: checking for g++ option to produce PIC
configure:11824: result: -fPIC
configure:11832: checking if g++ PIC flag -fPIC works
configure:11930: g++ -c -g -O2  -fPIC -DPIC conftest.cpp >&5
configure:11934: $? = 0
configure:11867: result: yes
configure:11895: checking if g++ static flag -static works
configure:11923: result: yes
configure:11933: checking if g++ supports -c -o file.o
configure:12034: g++ -c -g -O2  -o out/conftest2.o conftest.cpp >&5
configure:12038: $? = 0
configure:11980: result: yes
configure:12006: checking whether the g++ linker (/usr/bin/ld -m elf_x86_64) supports shared libraries
configure:12031: result: yes
configure:12098: checking dynamic linker characteristics
configure:12491: g++ -c -g -O2  conftest.cpp >&5
configure:12494: $? = 0
configure:12707: result: GNU/Linux ld.so
configure:12716: checking how to hardcode library paths into programs
configure:12741: result: immediate
configure:13270: checking if libtool supports shared libraries
configure:13272: result: yes
configure:13275: checking whether to build shared libraries
configure:13295: result: yes
configure:13298: checking whether to build static libraries
configure:13302: result: yes
configure:13312: checking for gfortran option to produce PIC
configure:13522: result: -fPIC
configure:13530: checking if gfortran PIC flag -fPIC works
configure:13628: gfortran -c -g -O2 -fPIC conftest.f >&5
configure:13632: $? = 0
configure:13565: result: yes
configure:13593: checking if gfortran static flag -static works
configure:13621: result: yes
configure:13631: checking if gfortran supports -c -o file.o
configure:13732: gfortran -c -g -O2 -o out/conftest2.o conftest.f >&5
configure:13736: $? = 0
configure:13678: result: yes
configure:13704: checking whether the gfortran linker (/usr/bin/ld -m elf_x86_64) supports shared libraries
configure:14642: result: yes
configure:14709: checking dynamic linker characteristics
configure:15102: gfortran -c -g -O2 conftest.f >&5
conftest.f:1:2:

 #line 15181 "configure"
  1
Warning: Illegal preprocessor directive
configure:15105: $? = 0
configure:15318: result: GNU/Linux ld.so
configure:15327: checking how to hardcode library paths into programs
configure:15352: result: immediate
configure:18962: checking for stdint.h
configure:18967: result: yes
configure:19111: checking for stdbool.h that conforms to C99
configure:19164: gcc -c -g -O2  conftest.c >&5
conftest.c:52:2: warning: variably modified 'd' at file scope
  char d[(bool) -0.5 == true ? 1 : -1];
  ^~~~
conftest.c:54:2: warning: variably modified 'f' at file scope
  char f[(_Bool) -0.0 == false ? 1 : -1];
  ^~~~
configure:19170: $? = 0
configure:19174: test -z 
			 || test ! -s conftest.err
configure:19177: $? = 0
configure:19180: test -s conftest.o
configure:19183: $? = 0
configure:19194: result: yes
configure:19196: checking for _Bool
configure:19220: gcc -c -g -O2  conftest.c >&5
configure:19226: $? = 0
configure:19230: test -z 
			 || test ! -s conftest.err
configure:19233: $? = 0
configure:19236: test -s conftest.o
configure:19239: $? = 0
configure:19250: result: yes
configure:19269: checking for an ANSI C-conforming const
configure:19336: gcc -c -g -O2  conftest.c >&5
configure:19342: $? = 0
configure:19346: test -z 
			 || test ! -s conftest.err
configure:19349: $? = 0
configure:19352: test -s conftest.o
configure:19355: $? = 0
configure:19366: result: yes
configure:19376: checking for inline
configure:19397: gcc -c -g -O2  conftest.c >&5
configure:19403: $? = 0
configure:19407: test -z 
			 || test ! -s conftest.err
configure:19410: $? = 0
configure:19413: test -s conftest.o
configure:19416: $? = 0
configure:19428: result: inline
configure:19447: checking for ptrdiff_t
configure:19471: gcc -c -g -O2  conftest.c >&5
configure:19477: $? = 0
configure:19481: test -z 
			 || test ! -s conftest.err
configure:19484: $? = 0
configure:19487: test -s conftest.o
configure:19490: $? = 0
configure:19501: result: yes
configure:19516: checking for ANSI C header files
configure:19672: result: yes
configure:19888: creating ./config.status

## ---------------------- ##
## Running config.status. ##
## ---------------------- ##

This file was extended by HepMC config.status 2.06.09, which was
generated by GNU Autoconf 2.59.  Invocation command line was

  CONFIG_FILES    = 
  CONFIG_HEADERS  = 
  CONFIG_LINKS    = 
  CONFIG_COMMANDS = 
  $ ./config.status 

on localhost

config.status:748: creating Makefile
config.status:748: creating HepMC/Makefile
config.status:748: creating doc/Makefile
config.status:748: creating examples/Makefile
config.status:748: creating examples/fio/Makefile
config.status:748: creating examples/pythia8/Makefile
config.status:748: creating fio/Makefile
config.status:748: creating src/Makefile
config.status:748: creating src/Units.cc
config.status:748: creating test/Makefile
config.status:748: creating test/testHepMC.cc
config.status:748: creating test/testMass.cc
config.status:748: creating test/testHepMCIteration.cc
config.status:748: creating test/testMultipleCopies.cc
config.status:748: creating test/testStreamIO.cc
config.status:748: creating examples/GNUmakefile.example
config.status:748: creating examples/fio/GNUmakefile.example
config.status:748: creating examples/pythia8/config.csh
config.status:748: creating examples/pythia8/config.sh
config.status:748: creating examples/pythia8/GNUmakefile.example
config.status:748: creating test/testHepMC.sh
config.status:748: creating test/testFlow.sh
config.status:748: creating test/testMass.sh
config.status:748: creating test/testHepMCIteration.sh
config.status:748: creating test/testPolarization.sh
config.status:748: creating test/testPrintBug.sh
config.status:748: creating test/testStreamIO.sh
config.status:862: creating HepMC/defs.h
config.status:1160: executing depfiles commands

## ---------------- ##
## Cache variables. ##
## ---------------- ##

ac_cv_build=x86_64-unknown-linux-gnu
ac_cv_build_alias=x86_64-unknown-linux-gnu
ac_cv_c_compiler_gnu=yes
ac_cv_c_const=yes
ac_cv_c_inline=inline
ac_cv_cxx_compiler_gnu=yes
ac_cv_env_CC_set=
ac_cv_env_CC_value=
ac_cv_env_CFLAGS_set=
ac_cv_env_CFLAGS_value=
ac_cv_env_CPPFLAGS_set=
ac_cv_env_CPPFLAGS_value=
ac_cv_env_CPP_set=
ac_cv_env_CPP_value=
ac_cv_env_CXXCPP_set=
ac_cv_env_CXXCPP_value=
ac_cv_env_CXXFLAGS_set=
ac_cv_env_CXXFLAGS_value=
ac_cv_env_CXX_set=
ac_cv_env_CXX_value=
ac_cv_env_F77_set=
ac_cv_env_F77_value=
ac_cv_env_FFLAGS_set=
ac_cv_env_FFLAGS_value=
ac_cv_env_LDFLAGS_set=
ac_cv_env_LDFLAGS_value=
ac_cv_env_build_alias_set=
ac_cv_env_build_alias_value=
ac_cv_env_host_alias_set=
ac_cv_env_host_alias_value=
ac_cv_env_target_alias_set=
ac_cv_env_target_alias_value=
ac_cv_exeext=
ac_cv_f77_compiler_gnu=yes
ac_cv_header_dlfcn_h=yes
ac_cv_header_inttypes_h=yes
ac_cv_header_memory_h=yes
ac_cv_header_stdbool_h=yes
ac_cv_header_stdc=yes
ac_cv_header_stdint_h=yes
ac_cv_header_stdlib_h=yes
ac_cv_header_string_h=yes
ac_cv_header_strings_h=yes
ac_cv_header_sys_stat_h=yes
ac_cv_header_sys_types_h=yes
ac_cv_header_unistd_h=yes
ac_cv_host=x86_64-unknown-linux-gnu
ac_cv_host_alias=x86_64-unknown-linux-gnu
ac_cv_objext=o
ac_cv_path_install='/usr/bin/install -c'
ac_cv_prog_AWK=gawk
ac_cv_prog_CPP='gcc -E'
ac_cv_prog_CXXCPP='g++ -E'
ac_cv_prog_ac_ct_AR=ar
ac_cv_prog_ac_ct_CC=gcc
ac_cv_prog_ac_ct_CXX=g++
ac_cv_prog_ac_ct_F77=gfortran
ac_cv_prog_ac_ct_RANLIB=ranlib
ac_cv_prog_ac_ct_STRIP=strip
ac_cv_prog_cc_g=yes
ac_cv_prog_cc_stdc=
ac_cv_prog_cxx_g=yes
ac_cv_prog_egrep='grep -E'
ac_cv_prog_f77_g=yes
ac_cv_prog_make_make_set=yes
ac_cv_target=x86_64-unknown-linux-gnu
ac_cv_target_alias=x86_64-unknown-linux-gnu
ac_cv_type__Bool=yes
ac_cv_type_ptrdiff_t=yes
am_cv_CC_dependencies_compiler_type=gcc3
am_cv_CXX_dependencies_compiler_type=gcc3
lt_cv_deplibs_check_method=pass_all
lt_cv_file_magic_cmd='$MAGIC_CMD'
lt_cv_file_magic_test_file=
lt_cv_ld_reload_flag=-r
lt_cv_objdir=.libs
lt_cv_path_LD=/usr/bin/ld
lt_cv_path_LDCXX='/usr/bin/ld -m elf_x86_64'
lt_cv_path_NM='/usr/bin/nm -B'
lt_cv_path_SED=/usr/bin/sed
lt_cv_prog_compiler_c_o=yes
lt_cv_prog_compiler_c_o_CXX=yes
lt_cv_prog_compiler_c_o_F77=yes
lt_cv_prog_compiler_rtti_exceptions=no
lt_cv_prog_gnu_ld=yes
lt_cv_prog_gnu_ldcxx=yes
lt_cv_sys_global_symbol_pipe='sed -n -e '\''s/^.*[ 	]\([ABCDGIRSTW][ABCDGIRSTW]*\)[ 	][ 	]*\([_A-Za-z][_A-Za-z0-9]*\)$/\1 \2 \2/p'\'''
lt_cv_sys_global_symbol_to_c_name_address='sed -n -e '\''s/^: \([^ ]*\) $/  {\"\1\", (lt_ptr) 0},/p'\'' -e '\''s/^[BCDEGRST] \([^ ]*\) \([^ ]*\)$/  {"\2", (lt_ptr) \&\2},/p'\'''
lt_cv_sys_global_symbol_to_cdecl='sed -n -e '\''s/^. .* \(.*\)$/extern int \1;/p'\'''
lt_cv_sys_max_cmd_len=32768
lt_lt_cv_prog_compiler_c_o='"yes"'
lt_lt_cv_prog_compiler_c_o_CXX='"yes"'
lt_lt_cv_prog_compiler_c_o_F77='"yes"'
lt_lt_cv_sys_global_symbol_pipe='"sed -n -e '\''s/^.*[ 	]\\([ABCDGIRSTW][ABCDGIRSTW]*\\)[ 	][ 	]*\\([_A-Za-z][_A-Za-z0-9]*\\)\$/\\1 \\2 \\2/p'\''"'
lt_lt_cv_sys_global_symbol_to_c_name_address='"sed -n -e '\''s/^: \\([^ ]*\\) \$/  {\\\"\\1\\\", (lt_ptr) 0},/p'\'' -e '\''s/^[BCDEGRST] \\([^ ]*\\) \\([^ ]*\\)\$/  {\"\\2\", (lt_ptr) \\&\\2},/p'\''"'
lt_lt_cv_sys_global_symbol_to_cdecl='"sed -n -e '\''s/^. .* \\(.*\\)\$/extern int \\1;/p'\''"'

## ----------------- ##
## Output variables. ##
## ----------------- ##

ACLOCAL='${SHELL} /var/tmp/Static_Pythia_FastJet/Static_HepMC/source/missing --run aclocal-1.9'
AMDEPBACKSLASH='\'
AMDEP_FALSE='#'
AMDEP_TRUE=''
AMTAR='${SHELL} /var/tmp/Static_Pythia_FastJet/Static_HepMC/source/missing --run tar'
AM_CXXFLAGS='-ansi -pedantic -Wall'
AM_MAKEFLAGS=''
AR='ar'
AS='as'
AUTOCONF='${SHELL} /var/tmp/Static_Pythia_FastJet/Static_HepMC/source/missing --run autoconf'
AUTOHEADER='${SHELL} /var/tmp/Static_Pythia_FastJet/Static_HepMC/source/missing --run autoheader'
AUTOMAKE='${SHELL} /var/tmp/Static_Pythia_FastJet/Static_HepMC/source/missing --run automake-1.9'
AWK='gawk'
BUILD_VISUAL_FALSE=''
BUILD_VISUAL_TRUE='#'
CC='gcc'
CCDEPMODE='depmode=gcc3'
CFLAGS='-g -O2'
CLHEPdir=' '
COPY_P='cp -p'
CPP='gcc -E'
CPPFLAGS=''
CXX='g++'
CXXCPP='g++ -E'
CXXDEPMODE='depmode=gcc3'
CXXFLAGS='-g -O2'
CYGPATH_W='echo'
DEFS='-DHAVE_CONFIG_H'
DEPDIR='.deps'
DIFF_Q='diff -q -b'
DLLTOOL='dlltool'
ECHO='echo'
ECHO_C=''
ECHO_N='-n'
ECHO_T=''
EGREP='grep -E'
EXEEXT=''
F77='gfortran'
FFLAGS='-g -O2'
GENSERdir=' '
HEPMC_DEFAULT_LEN_UNIT='MM'
HEPMC_DEFAULT_MOM_UNIT='GEV'
INSTALL_DATA='${INSTALL} -m 644'
INSTALL_PROGRAM='${INSTALL}'
INSTALL_SCRIPT='${INSTALL}'
INSTALL_STRIP_PROGRAM='${SHELL} $(install_sh) -c -s'
LDFLAGS=''
LIBOBJS=''
LIBRARY_VERSION='-version-info 4:0:0'
LIBS=''
LIBTOOL='$(SHELL) $(top_builddir)/libtool'
LN_S='ln -s'
LTLIBOBJS=''
MAKEINFO='${SHELL} /var/tmp/Static_Pythia_FastJet/Static_HepMC/source/missing --run makeinfo'
OBJDUMP='objdump'
OBJEXT='o'
PACKAGE='HepMC'
PACKAGE_BUGREPORT='https://savannah.cern.ch/projects/hepmc/'
PACKAGE_NAME='HepMC'
PACKAGE_STRING='HepMC 2.06.09'
PACKAGE_TARNAME='HepMC'
PACKAGE_VERSION='2.06.09'
PATH_SEPARATOR=':'
RANLIB='ranlib'
SED='/usr/bin/sed'
SET_MAKE=''
SHELL='/bin/bash'
STRIP='strip'
VERSION='2.06.09'
ac_ct_AR='ar'
ac_ct_AS=''
ac_ct_CC='gcc'
ac_ct_CXX='g++'
ac_ct_DLLTOOL=''
ac_ct_F77='gfortran'
ac_ct_OBJDUMP=''
ac_ct_RANLIB='ranlib'
ac_ct_STRIP='strip'
am__fastdepCC_FALSE='#'
am__fastdepCC_TRUE=''
am__fastdepCXX_FALSE='#'
am__fastdepCXX_TRUE=''
am__include='include'
am__leading_dot='.'
am__quote=''
am__tar='${AMTAR} chof - "$$tardir"'
am__untar='${AMTAR} xf -'
bindir='${exec_prefix}/bin'
build='x86_64-unknown-linux-gnu'
build_alias=''
build_cpu='x86_64'
build_os='linux-gnu'
build_vendor='unknown'
datadir='${prefix}/share'
exec_prefix='${prefix}'
host='x86_64-unknown-linux-gnu'
host_alias=''
host_cpu='x86_64'
host_os='linux-gnu'
host_vendor='unknown'
includedir='${prefix}/include'
infodir='${prefix}/info'
install_sh='/var/tmp/Static_Pythia_FastJet/Static_HepMC/source/install-sh'
libdir='${exec_prefix}/lib'
libexecdir='${exec_prefix}/libexec'
localstatedir='${prefix}/var'
mandir='${prefix}/man'
mkdir_p='mkdir -p --'
oldincludedir='/usr/include'
prefix='/usr/local'
program_transform_name='s,x,x,'
sbindir='${exec_prefix}/sbin'
sharedstatedir='${prefix}/com'
sysconfdir='${prefix}/etc'
target='x86_64-unknown-linux-gnu'
target_alias=''
target_cpu='x86_64'
target_os='linux-gnu'
target_vendor='unknown'

## ----------- ##
## confdefs.h. ##
## ----------- ##

#define HAVE_DLFCN_H 1
#define HAVE_INTTYPES_H 1
#define HAVE_MEMORY_H 1
#define HAVE_PTRDIFF_T 1
#define HAVE_STDBOOL_H 1
#define HAVE_STDINT_H 1
#define HAVE_STDINT_H 1
#define HAVE_STDLIB_H 1
#define HAVE_STRINGS_H 1
#define HAVE_STRING_H 1
#define HAVE_SYS_STAT_H 1
#define HAVE_SYS_TYPES_H 1
#define HAVE_UNISTD_H 1
#define HAVE__BOOL 1
#define PACKAGE "HepMC"
#define PACKAGE_BUGREPORT "https://savannah.cern.ch/projects/hepmc/"
#define PACKAGE_NAME "HepMC"
#define PACKAGE_STRING "HepMC 2.06.09"
#define PACKAGE_TARNAME "HepMC"
#define PACKAGE_VERSION "2.06.09"
#define STDC_HEADERS 1
#define STDC_HEADERS 1
#define VERSION "2.06.09"
#endif
#ifdef __cplusplus
extern "C" void std::exit (int) throw (); using std::exit;

configure: exit 0
