This file contains any messages produced by compilers while
running configure, to aid debugging if configure makes a mistake.

It was created by FastJet configure 3.3.2, which was
generated by GNU Autoconf 2.69.  Invocation command line was

  $ ./configure --enable-allplugins --enable-cgal

## --------- ##
## Platform. ##
## --------- ##

hostname = localhost
uname -m = x86_64
uname -r = 5.2.0-21.2-liquorix-amd64
uname -s = Linux
uname -v = #1 ZEN SMP PREEMPT liquorix 5.2-31.1~sid (2019-10-17)

/usr/bin/uname -p = unknown
/bin/uname -X     = unknown

/bin/arch              = x86_64
/usr/bin/arch -k       = unknown
/usr/convex/getsysinfo = unknown
/usr/bin/hostinfo      = unknown
/bin/machine           = unknown
/usr/bin/oslevel       = unknown
/bin/universe          = unknown

PATH: /home/asd/bin
PATH: /usr/local/bin
PATH: /usr/bin
PATH: /bin
PATH: /usr/local/games
PATH: /usr/games


## ----------- ##
## Core tests. ##
## ----------- ##

configure:2757: checking for a BSD-compatible install
configure:2825: result: /usr/bin/install -c
configure:2836: checking whether build environment is sane
configure:2891: result: yes
configure:3040: checking for a thread-safe mkdir -p
configure:3079: result: /usr/bin/mkdir -p
configure:3086: checking for gawk
configure:3102: found /usr/bin/gawk
configure:3113: result: gawk
configure:3124: checking whether make sets $(MAKE)
configure:3146: result: yes
configure:3175: checking whether make supports nested variables
configure:3192: result: yes
configure:3281: checking whether UID '1000' is supported by ustar format
configure:3284: result: yes
configure:3291: checking whether GID '1000' is supported by ustar format
configure:3294: result: yes
configure:3302: checking how to create a ustar tar archive
configure:3313: tar --version
tar (GNU tar) 1.30
Copyright (C) 2017 Free Software Foundation, Inc.
License GPLv3+: GNU GPL version 3 or later <https://gnu.org/licenses/gpl.html>.
This is free software: you are free to change and redistribute it.
There is NO WARRANTY, to the extent permitted by law.

Written by John Gilmore and Jay Fenlason.
configure:3316: $? = 0
configure:3356: tardir=conftest.dir && eval tar --format=ustar -chf - "$tardir" >conftest.tar
configure:3359: $? = 0
configure:3363: tar -xf - <conftest.tar
configure:3366: $? = 0
configure:3368: cat conftest.dir/file
GrepMe
configure:3371: $? = 0
configure:3384: result: gnutar
configure:3451: checking whether make supports the include directive
configure:3466: make -f confmf.GNU && cat confinc.out
this is the am__doit target
configure:3469: $? = 0
configure:3488: result: yes (GNU style)
configure:3558: checking for gcc
configure:3574: found /usr/bin/gcc
configure:3585: result: gcc
configure:3814: checking for C compiler version
configure:3823: gcc --version >&5
gcc (Debian 8.3.0-6) 8.3.0
Copyright (C) 2018 Free Software Foundation, Inc.
This is free software; see the source for copying conditions.  There is NO
warranty; not even for MERCHANTABILITY or FITNESS FOR A PARTICULAR PURPOSE.

configure:3834: $? = 0
configure:3823: gcc -v >&5
Using built-in specs.
COLLECT_GCC=gcc
COLLECT_LTO_WRAPPER=/usr/lib/gcc/x86_64-linux-gnu/8/lto-wrapper
OFFLOAD_TARGET_NAMES=nvptx-none
OFFLOAD_TARGET_DEFAULT=1
Target: x86_64-linux-gnu
Configured with: ../src/configure -v --with-pkgversion='Debian 8.3.0-6' --with-bugurl=file:///usr/share/doc/gcc-8/README.Bugs --enable-languages=c,ada,c++,go,brig,d,fortran,objc,obj-c++ --prefix=/usr --with-gcc-major-version-only --program-suffix=-8 --program-prefix=x86_64-linux-gnu- --enable-shared --enable-linker-build-id --libexecdir=/usr/lib --without-included-gettext --enable-threads=posix --libdir=/usr/lib --enable-nls --enable-bootstrap --enable-clocale=gnu --enable-libstdcxx-debug --enable-libstdcxx-time=yes --with-default-libstdcxx-abi=new --enable-gnu-unique-object --disable-vtable-verify --enable-libmpx --enable-plugin --enable-default-pie --with-system-zlib --with-target-system-zlib --enable-objc-gc=auto --enable-multiarch --disable-werror --with-arch-32=i686 --with-abi=m64 --with-multilib-list=m32,m64,mx32 --enable-multilib --with-tune=generic --enable-offload-targets=nvptx-none --without-cuda-driver --enable-checking=release --build=x86_64-linux-gnu --host=x86_64-linux-gnu --target=x86_64-linux-gnu
Thread model: posix
gcc version 8.3.0 (Debian 8.3.0-6) 
configure:3834: $? = 0
configure:3823: gcc -V >&5
gcc: error: unrecognized command line option '-V'
gcc: fatal error: no input files
compilation terminated.
configure:3834: $? = 1
configure:3823: gcc -qversion >&5
gcc: error: unrecognized command line option '-qversion'; did you mean '--version'?
gcc: fatal error: no input files
compilation terminated.
configure:3834: $? = 1
configure:3854: checking whether the C compiler works
configure:3876: gcc    conftest.c  >&5
configure:3880: $? = 0
configure:3928: result: yes
configure:3931: checking for C compiler default output file name
configure:3933: result: a.out
configure:3939: checking for suffix of executables
configure:3946: gcc -o conftest    conftest.c  >&5
configure:3950: $? = 0
configure:3972: result: 
configure:3994: checking whether we are cross compiling
configure:4002: gcc -o conftest    conftest.c  >&5
configure:4006: $? = 0
configure:4013: ./conftest
configure:4017: $? = 0
configure:4005: result: no
configure:4010: checking for suffix of object files
configure:4032: gcc -c   conftest.c >&5
configure:4036: $? = 0
configure:4057: result: o
configure:4061: checking whether we are using the GNU C compiler
configure:4080: gcc -c   conftest.c >&5
configure:4080: $? = 0
configure:4089: result: yes
configure:4098: checking whether gcc accepts -g
configure:4118: gcc -c -g  conftest.c >&5
configure:4118: $? = 0
configure:4159: result: yes
configure:4176: checking for gcc option to accept ISO C89
configure:4239: gcc  -c -g -O2  conftest.c >&5
configure:4239: $? = 0
configure:4252: result: none needed
configure:4277: checking whether gcc understands -c and -o together
configure:4299: gcc -c conftest.c -o conftest2.o
configure:4302: $? = 0
configure:4299: gcc -c conftest.c -o conftest2.o
configure:4302: $? = 0
configure:4314: result: yes
configure:4333: checking dependency style of gcc
configure:4444: result: gcc3
configure:4465: checking how to run the C preprocessor
configure:4496: gcc -E  conftest.c
configure:4496: $? = 0
configure:4510: gcc -E  conftest.c
conftest.c:11:10: fatal error: ac_nonexistent.h: No such file or directory
 #include <ac_nonexistent.h>
          ^~~~~~~~~~~~~~~~~~
compilation terminated.
configure:4510: $? = 1
configure: failed program was:
| /* confdefs.h */
| #define PACKAGE_NAME "FastJet"
| #define PACKAGE_TARNAME "fastjet"
| #define PACKAGE_VERSION "3.3.2"
| #define PACKAGE_STRING "FastJet 3.3.2"
| #define PACKAGE_BUGREPORT ""
| #define PACKAGE_URL ""
| #define PACKAGE "fastjet"
| #define VERSION "3.3.2"
| /* end confdefs.h.  */
| #include <ac_nonexistent.h>
configure:4535: result: gcc -E
configure:4555: gcc -E  conftest.c
configure:4555: $? = 0
configure:4569: gcc -E  conftest.c
conftest.c:11:10: fatal error: ac_nonexistent.h: No such file or directory
 #include <ac_nonexistent.h>
          ^~~~~~~~~~~~~~~~~~
compilation terminated.
configure:4569: $? = 1
configure: failed program was:
| /* confdefs.h */
| #define PACKAGE_NAME "FastJet"
| #define PACKAGE_TARNAME "fastjet"
| #define PACKAGE_VERSION "3.3.2"
| #define PACKAGE_STRING "FastJet 3.3.2"
| #define PACKAGE_BUGREPORT ""
| #define PACKAGE_URL ""
| #define PACKAGE "fastjet"
| #define VERSION "3.3.2"
| /* end confdefs.h.  */
| #include <ac_nonexistent.h>
configure:4598: checking for grep that handles long lines and -e
configure:4656: result: /usr/bin/grep
configure:4661: checking for egrep
configure:4723: result: /usr/bin/grep -E
configure:4728: checking for ANSI C header files
configure:4748: gcc -c -g -O2  conftest.c >&5
configure:4748: $? = 0
configure:4821: gcc -o conftest -g -O2   conftest.c  >&5
configure:4821: $? = 0
configure:4821: ./conftest
configure:4821: $? = 0
configure:4832: result: yes
configure:4845: checking for sys/types.h
configure:4845: gcc -c -g -O2  conftest.c >&5
configure:4845: $? = 0
configure:4845: result: yes
configure:4845: checking for sys/stat.h
configure:4845: gcc -c -g -O2  conftest.c >&5
configure:4845: $? = 0
configure:4845: result: yes
configure:4845: checking for stdlib.h
configure:4845: gcc -c -g -O2  conftest.c >&5
configure:4845: $? = 0
configure:4845: result: yes
configure:4845: checking for string.h
configure:4845: gcc -c -g -O2  conftest.c >&5
configure:4845: $? = 0
configure:4845: result: yes
configure:4845: checking for memory.h
configure:4845: gcc -c -g -O2  conftest.c >&5
configure:4845: $? = 0
configure:4845: result: yes
configure:4845: checking for strings.h
configure:4845: gcc -c -g -O2  conftest.c >&5
configure:4845: $? = 0
configure:4845: result: yes
configure:4845: checking for inttypes.h
configure:4845: gcc -c -g -O2  conftest.c >&5
configure:4845: $? = 0
configure:4845: result: yes
configure:4845: checking for stdint.h
configure:4845: gcc -c -g -O2  conftest.c >&5
configure:4845: $? = 0
configure:4845: result: yes
configure:4845: checking for unistd.h
configure:4845: gcc -c -g -O2  conftest.c >&5
configure:4845: $? = 0
configure:4845: result: yes
configure:4857: checking for int
configure:4857: gcc -c -g -O2  conftest.c >&5
configure:4857: $? = 0
configure:4857: gcc -c -g -O2  conftest.c >&5
conftest.c: In function 'main':
conftest.c:57:18: error: expected expression before ')' token
 if (sizeof ((int)))
                  ^
configure:4857: $? = 1
configure: failed program was:
| /* confdefs.h */
| #define PACKAGE_NAME "FastJet"
| #define PACKAGE_TARNAME "fastjet"
| #define PACKAGE_VERSION "3.3.2"
| #define PACKAGE_STRING "FastJet 3.3.2"
| #define PACKAGE_BUGREPORT ""
| #define PACKAGE_URL ""
| #define PACKAGE "fastjet"
| #define VERSION "3.3.2"
| #define STDC_HEADERS 1
| #define HAVE_SYS_TYPES_H 1
| #define HAVE_SYS_STAT_H 1
| #define HAVE_STDLIB_H 1
| #define HAVE_STRING_H 1
| #define HAVE_MEMORY_H 1
| #define HAVE_STRINGS_H 1
| #define HAVE_INTTYPES_H 1
| #define HAVE_STDINT_H 1
| #define HAVE_UNISTD_H 1
| /* end confdefs.h.  */
| #include <stdio.h>
| #ifdef HAVE_SYS_TYPES_H
| # include <sys/types.h>
| #endif
| #ifdef HAVE_SYS_STAT_H
| # include <sys/stat.h>
| #endif
| #ifdef STDC_HEADERS
| # include <stdlib.h>
| # include <stddef.h>
| #else
| # ifdef HAVE_STDLIB_H
| #  include <stdlib.h>
| # endif
| #endif
| #ifdef HAVE_STRING_H
| # if !defined STDC_HEADERS && defined HAVE_MEMORY_H
| #  include <memory.h>
| # endif
| # include <string.h>
| #endif
| #ifdef HAVE_STRINGS_H
| # include <strings.h>
| #endif
| #ifdef HAVE_INTTYPES_H
| # include <inttypes.h>
| #endif
| #ifdef HAVE_STDINT_H
| # include <stdint.h>
| #endif
| #ifdef HAVE_UNISTD_H
| # include <unistd.h>
| #endif
| int
| main ()
| {
| if (sizeof ((int)))
| 	    return 0;
|   ;
|   return 0;
| }
configure:4857: result: yes
configure:4862: checking for long
configure:4862: gcc -c -g -O2  conftest.c >&5
configure:4862: $? = 0
configure:4862: gcc -c -g -O2  conftest.c >&5
conftest.c: In function 'main':
conftest.c:57:19: error: expected expression before ')' token
 if (sizeof ((long)))
                   ^
configure:4862: $? = 1
configure: failed program was:
| /* confdefs.h */
| #define PACKAGE_NAME "FastJet"
| #define PACKAGE_TARNAME "fastjet"
| #define PACKAGE_VERSION "3.3.2"
| #define PACKAGE_STRING "FastJet 3.3.2"
| #define PACKAGE_BUGREPORT ""
| #define PACKAGE_URL ""
| #define PACKAGE "fastjet"
| #define VERSION "3.3.2"
| #define STDC_HEADERS 1
| #define HAVE_SYS_TYPES_H 1
| #define HAVE_SYS_STAT_H 1
| #define HAVE_STDLIB_H 1
| #define HAVE_STRING_H 1
| #define HAVE_MEMORY_H 1
| #define HAVE_STRINGS_H 1
| #define HAVE_INTTYPES_H 1
| #define HAVE_STDINT_H 1
| #define HAVE_UNISTD_H 1
| /* end confdefs.h.  */
| #include <stdio.h>
| #ifdef HAVE_SYS_TYPES_H
| # include <sys/types.h>
| #endif
| #ifdef HAVE_SYS_STAT_H
| # include <sys/stat.h>
| #endif
| #ifdef STDC_HEADERS
| # include <stdlib.h>
| # include <stddef.h>
| #else
| # ifdef HAVE_STDLIB_H
| #  include <stdlib.h>
| # endif
| #endif
| #ifdef HAVE_STRING_H
| # if !defined STDC_HEADERS && defined HAVE_MEMORY_H
| #  include <memory.h>
| # endif
| # include <string.h>
| #endif
| #ifdef HAVE_STRINGS_H
| # include <strings.h>
| #endif
| #ifdef HAVE_INTTYPES_H
| # include <inttypes.h>
| #endif
| #ifdef HAVE_STDINT_H
| # include <stdint.h>
| #endif
| #ifdef HAVE_UNISTD_H
| # include <unistd.h>
| #endif
| int
| main ()
| {
| if (sizeof ((long)))
| 	    return 0;
|   ;
|   return 0;
| }
configure:4862: result: yes
configure:4934: checking for g++
configure:4950: found /usr/bin/g++
configure:4961: result: g++
configure:4988: checking for C++ compiler version
configure:4997: g++ --version >&5
g++ (Debian 8.3.0-6) 8.3.0
Copyright (C) 2018 Free Software Foundation, Inc.
This is free software; see the source for copying conditions.  There is NO
warranty; not even for MERCHANTABILITY or FITNESS FOR A PARTICULAR PURPOSE.

configure:5008: $? = 0
configure:4997: g++ -v >&5
Using built-in specs.
COLLECT_GCC=g++
COLLECT_LTO_WRAPPER=/usr/lib/gcc/x86_64-linux-gnu/8/lto-wrapper
OFFLOAD_TARGET_NAMES=nvptx-none
OFFLOAD_TARGET_DEFAULT=1
Target: x86_64-linux-gnu
Configured with: ../src/configure -v --with-pkgversion='Debian 8.3.0-6' --with-bugurl=file:///usr/share/doc/gcc-8/README.Bugs --enable-languages=c,ada,c++,go,brig,d,fortran,objc,obj-c++ --prefix=/usr --with-gcc-major-version-only --program-suffix=-8 --program-prefix=x86_64-linux-gnu- --enable-shared --enable-linker-build-id --libexecdir=/usr/lib --without-included-gettext --enable-threads=posix --libdir=/usr/lib --enable-nls --enable-bootstrap --enable-clocale=gnu --enable-libstdcxx-debug --enable-libstdcxx-time=yes --with-default-libstdcxx-abi=new --enable-gnu-unique-object --disable-vtable-verify --enable-libmpx --enable-plugin --enable-default-pie --with-system-zlib --with-target-system-zlib --enable-objc-gc=auto --enable-multiarch --disable-werror --with-arch-32=i686 --with-abi=m64 --with-multilib-list=m32,m64,mx32 --enable-multilib --with-tune=generic --enable-offload-targets=nvptx-none --without-cuda-driver --enable-checking=release --build=x86_64-linux-gnu --host=x86_64-linux-gnu --target=x86_64-linux-gnu
Thread model: posix
gcc version 8.3.0 (Debian 8.3.0-6) 
configure:5008: $? = 0
configure:4997: g++ -V >&5
g++: error: unrecognized command line option '-V'
g++: fatal error: no input files
compilation terminated.
configure:5008: $? = 1
configure:4997: g++ -qversion >&5
g++: error: unrecognized command line option '-qversion'; did you mean '--version'?
g++: fatal error: no input files
compilation terminated.
configure:5008: $? = 1
configure:5012: checking whether we are using the GNU C++ compiler
configure:5031: g++ -c -O2 -Wall  conftest.cpp >&5
configure:5031: $? = 0
configure:5040: result: yes
configure:5049: checking whether g++ accepts -g
configure:5069: g++ -c -g  conftest.cpp >&5
configure:5069: $? = 0
configure:5110: result: yes
configure:5135: checking dependency style of g++
configure:5246: result: gcc3
configure:5266: checking for g++
configure:5282: found /usr/bin/g++
configure:5294: result: yes
configure:5307: checking whether ln -s works
configure:5311: result: yes
configure:5318: checking for a sed that does not truncate output
configure:5382: result: /usr/bin/sed
configure:5387: checking whether make sets $(MAKE)
configure:5409: result: yes
configure:5421: checking for ANSI C header files
configure:5525: result: yes
configure:5552: checking if g++ supports -Woverloaded-virtual flag
configure:5567: g++ -c -Woverloaded-virtual  conftest.cpp >&5
configure:5567: $? = 0
configure:5580: result: yes
configure:5614: checking if g++  -g  -Woverloaded-virtual  -O2 -Wall supports the "[[deprecated]]" keyword
configure:5628: g++ -c  -g  -Woverloaded-virtual  -O2 -Wall -Werror -Wno-error=deprecated-declarations  conftest.cpp >&5
conftest.cpp: In function 'int main()':
conftest.cpp:23:78: warning: 'void A::test()' is deprecated [-Wdeprecated-declarations]
 class A{public:  [[deprecated]] void test() {}}; int main(void){ A a; a.test(); return 0;}
                                                                              ^
conftest.cpp:23:38: note: declared here
 class A{public:  [[deprecated]] void test() {}}; int main(void){ A a; a.test(); return 0;}
                                      ^~~~
configure:5628: $? = 0
configure:5646: result: yes
configure:5649: checking if g++  -g  -Woverloaded-virtual  -O2 -Wall supports the "__attribute__((deprecated))" keyword
configure:5663: g++ -c  -g  -Woverloaded-virtual  -O2 -Wall -Werror -Wno-error=deprecated-declarations  conftest.cpp >&5
conftest.cpp: In function 'int main()':
conftest.cpp:24:93: warning: 'void A::test()' is deprecated [-Wdeprecated-declarations]
 class A{public: __attribute__((__deprecated__)) void test() {}};int main(void){ A a; a.test(); return 0;}
                                                                                             ^
conftest.cpp:24:54: note: declared here
 class A{public: __attribute__((__deprecated__)) void test() {}};int main(void){ A a; a.test(); return 0;}
                                                      ^~~~
configure:5663: $? = 0
configure:5681: result: yes
configure:5684: checking if g++  -g  -Woverloaded-virtual  -O2 -Wall supports the "override" keyword
configure:5698: g++ -c  -g  -Woverloaded-virtual  -O2 -Wall -Werror  conftest.cpp >&5
configure:5698: $? = 0
configure:5716: result: yes
configure:5719: checking if g++  -g  -Woverloaded-virtual  -O2 -Wall supports the "explicit" keyword for operators
configure:5733: g++ -c  -g  -Woverloaded-virtual  -O2 -Wall -Werror  conftest.cpp >&5
configure:5733: $? = 0
configure:5751: result: yes
configure:5791: checking execinfo.h usability
configure:5791: gcc -c -g -O2  conftest.c >&5
configure:5791: $? = 0
configure:5791: result: yes
configure:5791: checking execinfo.h presence
configure:5791: gcc -E  conftest.c
configure:5791: $? = 0
configure:5791: result: yes
configure:5791: checking for execinfo.h
configure:5791: result: yes
configure:5802: checking for cos in -lm
configure:5827: gcc -o conftest -g -O2   conftest.c -lm   >&5
conftest.c:35:6: warning: conflicting types for built-in function 'cos' [-Wbuiltin-declaration-mismatch]
 char cos ();
      ^~~
configure:5827: $? = 0
configure:5836: result: yes
configure:5866: checking how to run the C++ preprocessor
configure:5893: g++ -E  conftest.cpp
configure:5893: $? = 0
configure:5907: g++ -E  conftest.cpp
conftest.cpp:29:10: fatal error: ac_nonexistent.h: No such file or directory
 #include <ac_nonexistent.h>
          ^~~~~~~~~~~~~~~~~~
compilation terminated.
configure:5907: $? = 1
configure: failed program was:
| /* confdefs.h */
| #define PACKAGE_NAME "FastJet"
| #define PACKAGE_TARNAME "fastjet"
| #define PACKAGE_VERSION "3.3.2"
| #define PACKAGE_STRING "FastJet 3.3.2"
| #define PACKAGE_BUGREPORT ""
| #define PACKAGE_URL ""
| #define PACKAGE "fastjet"
| #define VERSION "3.3.2"
| #define STDC_HEADERS 1
| #define HAVE_SYS_TYPES_H 1
| #define HAVE_SYS_STAT_H 1
| #define HAVE_STDLIB_H 1
| #define HAVE_STRING_H 1
| #define HAVE_MEMORY_H 1
| #define HAVE_STRINGS_H 1
| #define HAVE_INTTYPES_H 1
| #define HAVE_STDINT_H 1
| #define HAVE_UNISTD_H 1
| #define STDC_HEADERS 1
| #define HAVE_AUTO_PTR_INTERFACE /**/
| #define HAVE_CXX14_DEPRECATED /**/
| #define HAVE_GNUCXX_DEPRECATED /**/
| #define HAVE_OVERRIDE /**/
| #define HAVE_EXPLICIT_FOR_OPERATORS /**/
| #define HAVE_EXECINFO_H 1
| #define HAVE_LIBM 1
| /* end confdefs.h.  */
| #include <ac_nonexistent.h>
configure:5932: result: g++ -E
configure:5952: g++ -E  conftest.cpp
configure:5952: $? = 0
configure:5966: g++ -E  conftest.cpp
conftest.cpp:29:10: fatal error: ac_nonexistent.h: No such file or directory
 #include <ac_nonexistent.h>
          ^~~~~~~~~~~~~~~~~~
compilation terminated.
configure:5966: $? = 1
configure: failed program was:
| /* confdefs.h */
| #define PACKAGE_NAME "FastJet"
| #define PACKAGE_TARNAME "fastjet"
| #define PACKAGE_VERSION "3.3.2"
| #define PACKAGE_STRING "FastJet 3.3.2"
| #define PACKAGE_BUGREPORT ""
| #define PACKAGE_URL ""
| #define PACKAGE "fastjet"
| #define VERSION "3.3.2"
| #define STDC_HEADERS 1
| #define HAVE_SYS_TYPES_H 1
| #define HAVE_SYS_STAT_H 1
| #define HAVE_STDLIB_H 1
| #define HAVE_STRING_H 1
| #define HAVE_MEMORY_H 1
| #define HAVE_STRINGS_H 1
| #define HAVE_INTTYPES_H 1
| #define HAVE_STDINT_H 1
| #define HAVE_UNISTD_H 1
| #define STDC_HEADERS 1
| #define HAVE_AUTO_PTR_INTERFACE /**/
| #define HAVE_CXX14_DEPRECATED /**/
| #define HAVE_GNUCXX_DEPRECATED /**/
| #define HAVE_OVERRIDE /**/
| #define HAVE_EXPLICIT_FOR_OPERATORS /**/
| #define HAVE_EXECINFO_H 1
| #define HAVE_LIBM 1
| /* end confdefs.h.  */
| #include <ac_nonexistent.h>
configure:6037: checking CGAL_MAKEFILE
configure:6074: result: inexistent
configure:6095: checking whether C++ compiler accepts -frounding-math -Werror
configure:6114: g++ -c -frounding-math -Werror  conftest.cpp >&5
configure:6114: $? = 0
configure:6124: result: yes
configure:6132: checking whether C++ compiler accepts -fp-model strict -Werror
configure:6151: g++ -c -fp-model strict -Werror  conftest.cpp >&5
g++: error: strict: No such file or directory
g++: error: unrecognized command line option '-fp-model'
configure:6151: $? = 1
configure: failed program was:
| /* confdefs.h */
| #define PACKAGE_NAME "FastJet"
| #define PACKAGE_TARNAME "fastjet"
| #define PACKAGE_VERSION "3.3.2"
| #define PACKAGE_STRING "FastJet 3.3.2"
| #define PACKAGE_BUGREPORT ""
| #define PACKAGE_URL ""
| #define PACKAGE "fastjet"
| #define VERSION "3.3.2"
| #define STDC_HEADERS 1
| #define HAVE_SYS_TYPES_H 1
| #define HAVE_SYS_STAT_H 1
| #define HAVE_STDLIB_H 1
| #define HAVE_STRING_H 1
| #define HAVE_MEMORY_H 1
| #define HAVE_STRINGS_H 1
| #define HAVE_INTTYPES_H 1
| #define HAVE_STDINT_H 1
| #define HAVE_UNISTD_H 1
| #define STDC_HEADERS 1
| #define HAVE_AUTO_PTR_INTERFACE /**/
| #define HAVE_CXX14_DEPRECATED /**/
| #define HAVE_GNUCXX_DEPRECATED /**/
| #define HAVE_OVERRIDE /**/
| #define HAVE_EXPLICIT_FOR_OPERATORS /**/
| #define HAVE_EXECINFO_H 1
| #define HAVE_LIBM 1
| /* end confdefs.h.  */
| 
| int
| main ()
| {
| 
|   ;
|   return 0;
| }
configure:6161: result: no
configure:6242: checking CGAL/Exact_predicates_inexact_constructions_kernel.h usability
configure:6242: g++ -c -O2 -Wall  -frounding-math   -frounding-math conftest.cpp >&5
configure:6242: $? = 0
configure:6242: result: yes
configure:6242: checking CGAL/Exact_predicates_inexact_constructions_kernel.h presence
configure:6242: g++ -E   -frounding-math conftest.cpp
configure:6242: $? = 0
configure:6242: result: yes
configure:6242: checking for CGAL/Exact_predicates_inexact_constructions_kernel.h
configure:6242: result: yes
configure:6267: checking for main in -lCGAL
configure:6286: g++ -o conftest -O2 -Wall  -frounding-math   -frounding-math   conftest.cpp -lCGAL  -lm  >&5
configure:6286: $? = 0
configure:6295: result: yes
configure:6311: checking for main in -lgmp
configure:6330: gcc -o conftest -g -O2   -frounding-math   conftest.c -lgmp  -lm  >&5
configure:6330: $? = 0
configure:6339: result: yes
configure:6361: checking CGAL
configure:6364: result: yes
configure:6383: checking if g++ supports -Wl,--enable-new-dtags flag
configure:6397: g++ -o conftest -Werror -Wl,--enable-new-dtags   conftest.cpp -lm  >&5
configure:6397: $? = 0
configure:6411: result: yes
configure:6571: checking whether to build all plugins
configure:6608: result: yes
configure:6612: checking whether to build all CXX plugins
configure:6647: result: not set
configure:6678: checking whether to build plugin SISCone
configure:6716: result: yes
configure:6725: checking whether to build plugin CDFCones
configure:6762: result: yes
configure:6769: checking whether to build plugin PxCone
configure:6806: result: yes
configure:6811: checking whether to build plugin D0RunIICone
configure:6848: result: yes
configure:6853: checking whether to build plugin NestedDefs
configure:6890: result: yes
configure:6895: checking whether to build plugin TrackJet
configure:6932: result: yes
configure:6937: checking whether to build plugin ATLASCone
configure:6974: result: yes
configure:6979: checking whether to build plugin CMSIterativeCone
configure:7016: result: yes
configure:7021: checking whether to build plugin EECambridge
configure:7058: result: yes
configure:7063: checking whether to build plugin Jade
configure:7100: result: yes
configure:7105: checking whether to build plugin D0RunICone
configure:7142: result: yes
configure:7147: checking whether to build plugin GridJet
configure:7184: result: yes
configure:7218: checking build system type
configure:7232: result: x86_64-pc-linux-gnu
configure:7252: checking host system type
configure:7265: result: x86_64-pc-linux-gnu
configure:7306: checking how to print strings
configure:7333: result: printf
configure:7354: checking for a sed that does not truncate output
configure:7418: result: /usr/bin/sed
configure:7436: checking for fgrep
configure:7498: result: /usr/bin/grep -F
configure:7533: checking for ld used by gcc
configure:7600: result: /usr/bin/ld
configure:7607: checking if the linker (/usr/bin/ld) is GNU ld
configure:7622: result: yes
configure:7634: checking for BSD- or MS-compatible name lister (nm)
configure:7688: result: /usr/bin/nm -B
configure:7818: checking the name lister (/usr/bin/nm -B) interface
configure:7825: gcc -c -g -O2  conftest.c >&5
configure:7828: /usr/bin/nm -B "conftest.o"
configure:7831: output
0000000000000000 B some_variable
configure:7832: result: BSD nm
configure:7836: checking the maximum length of command line arguments
configure:7967: result: 1572864
configure:8015: checking how to convert x86_64-pc-linux-gnu file names to x86_64-pc-linux-gnu format
configure:8055: result: func_convert_file_noop
configure:8062: checking how to convert x86_64-pc-linux-gnu file names to toolchain format
configure:8082: result: func_convert_file_noop
configure:8089: checking for /usr/bin/ld option to reload object files
configure:8096: result: -r
configure:8170: checking for objdump
configure:8186: found /usr/bin/objdump
configure:8197: result: objdump
configure:8229: checking how to recognize dependent libraries
configure:8429: result: pass_all
configure:8514: checking for dlltool
configure:8544: result: no
configure:8574: checking how to associate runtime and link libraries
configure:8601: result: printf %s\n
configure:8661: checking for ar
configure:8677: found /usr/bin/ar
configure:8688: result: ar
configure:8725: checking for archiver @FILE support
configure:8742: gcc -c -g -O2  conftest.c >&5
configure:8742: $? = 0
configure:8745: ar cru libconftest.a @conftest.lst >&5
ar: `u' modifier ignored since `D' is the default (see `U')
configure:8748: $? = 0
configure:8753: ar cru libconftest.a @conftest.lst >&5
ar: `u' modifier ignored since `D' is the default (see `U')
ar: conftest.o: No such file or directory
configure:8756: $? = 1
configure:8755: result: @
configure:8813: checking for strip
configure:8829: found /usr/bin/strip
configure:8840: result: strip
configure:8912: checking for ranlib
configure:8928: found /usr/bin/ranlib
configure:8939: result: ranlib
configure:9041: checking command to parse /usr/bin/nm -B output from gcc object
configure:9194: gcc -c -g -O2  conftest.c >&5
configure:9197: $? = 0
configure:9201: /usr/bin/nm -B conftest.o \| sed -n -e 's/^.*[ ]\([ABCDGIRSTW][ABCDGIRSTW]*\)[ ][ ]*\([_A-Za-z][_A-Za-z0-9]*\)$/\1 \2 \2/p' | sed '/ __gnu_lto/d' \> conftest.nm
configure:9204: $? = 0
configure:9270: gcc -o conftest -g -O2   conftest.c conftstm.o >&5
configure:9273: $? = 0
configure:9311: result: ok
configure:9358: checking for sysroot
configure:9388: result: no
configure:9395: checking for a working dd
configure:9433: result: /usr/bin/dd
configure:9437: checking how to truncate binary pipes
configure:9452: result: /usr/bin/dd bs=4096 count=1
configure:9588: gcc -c -g -O2  conftest.c >&5
configure:9591: $? = 0
configure:9781: checking for mt
configure:9797: found /usr/bin/mt
configure:9808: result: mt
configure:9831: checking if mt is a manifest tool
configure:9837: mt '-?'
configure:9845: result: no
configure:10519: checking for dlfcn.h
configure:10519: gcc -c -g -O2  conftest.c >&5
configure:10519: $? = 0
configure:10519: result: yes
configure:10755: checking for objdir
configure:10770: result: .libs
configure:11034: checking if gcc supports -fno-rtti -fno-exceptions
configure:11052: gcc -c -g -O2  -fno-rtti -fno-exceptions conftest.c >&5
cc1: warning: command line option '-fno-rtti' is valid for C++/ObjC++ but not for C
configure:11056: $? = 0
configure:11069: result: no
configure:11427: checking for gcc option to produce PIC
configure:11434: result: -fPIC -DPIC
configure:11442: checking if gcc PIC flag -fPIC -DPIC works
configure:11460: gcc -c -g -O2  -fPIC -DPIC -DPIC conftest.c >&5
configure:11464: $? = 0
configure:11477: result: yes
configure:11506: checking if gcc static flag -static works
configure:11534: result: yes
configure:11549: checking if gcc supports -c -o file.o
configure:11570: gcc -c -g -O2  -o out/conftest2.o conftest.c >&5
configure:11574: $? = 0
configure:11596: result: yes
configure:11604: checking if gcc supports -c -o file.o
configure:11651: result: yes
configure:11684: checking whether the gcc linker (/usr/bin/ld -m elf_x86_64) supports shared libraries
configure:12947: result: yes
configure:12984: checking whether -lc should be explicitly linked in
configure:12992: gcc -c -g -O2  conftest.c >&5
configure:12995: $? = 0
configure:13010: gcc -shared  -fPIC -DPIC conftest.o  -v -Wl,-soname -Wl,conftest -o conftest 2\>\&1 \| /usr/bin/grep  -lc  \>/dev/null 2\>\&1
configure:13013: $? = 0
configure:13027: result: no
configure:13187: checking dynamic linker characteristics
configure:13768: gcc -o conftest -g -O2   -Wl,-rpath -Wl,/foo conftest.c -lm  >&5
configure:13768: $? = 0
configure:14017: result: GNU/Linux ld.so
configure:14139: checking how to hardcode library paths into programs
configure:14164: result: immediate
configure:14712: checking whether stripping libraries is possible
configure:14717: result: yes
configure:14752: checking if libtool supports shared libraries
configure:14754: result: yes
configure:14757: checking whether to build shared libraries
configure:14782: result: yes
configure:14785: checking whether to build static libraries
configure:14789: result: yes
configure:11588: checking how to run the C++ preprocessor
configure:11654: result: g++ -E
configure:11674: g++ -E  conftest.cpp
configure:11674: $? = 0
configure:11688: g++ -E  conftest.cpp
conftest.cpp:43:10: fatal error: ac_nonexistent.h: No such file or directory
 #include <ac_nonexistent.h>
          ^~~~~~~~~~~~~~~~~~
compilation terminated.
configure:11688: $? = 1
configure: failed program was:
| /* confdefs.h */
| #define PACKAGE_NAME "FastJet"
| #define PACKAGE_TARNAME "fastjet"
| #define PACKAGE_VERSION "3.3.2"
| #define PACKAGE_STRING "FastJet 3.3.2"
| #define PACKAGE_BUGREPORT ""
| #define PACKAGE_URL ""
| #define PACKAGE "fastjet"
| #define VERSION "3.3.2"
| #define STDC_HEADERS 1
| #define HAVE_SYS_TYPES_H 1
| #define HAVE_SYS_STAT_H 1
| #define HAVE_STDLIB_H 1
| #define HAVE_STRING_H 1
| #define HAVE_MEMORY_H 1
| #define HAVE_STRINGS_H 1
| #define HAVE_INTTYPES_H 1
| #define HAVE_STDINT_H 1
| #define HAVE_UNISTD_H 1
| #define STDC_HEADERS 1
| #define HAVE_AUTO_PTR_INTERFACE /**/
| #define HAVE_CXX14_DEPRECATED /**/
| #define HAVE_GNUCXX_DEPRECATED /**/
| #define HAVE_OVERRIDE /**/
| #define HAVE_EXPLICIT_FOR_OPERATORS /**/
| #define HAVE_EXECINFO_H 1
| #define HAVE_LIBM 1
| #define ENABLE_PLUGIN_SISCONE /**/
| #define ENABLE_PLUGIN_CDFCONES /**/
| #define ENABLE_PLUGIN_PXCONE /**/
| #define ENABLE_PLUGIN_D0RUNIICONE /**/
| #define ENABLE_PLUGIN_NESTEDDEFS /**/
| #define ENABLE_PLUGIN_TRACKJET /**/
| #define ENABLE_PLUGIN_ATLASCONE /**/
| #define ENABLE_PLUGIN_CMSITERATIVECONE /**/
| #define ENABLE_PLUGIN_EECAMBRIDGE /**/
| #define ENABLE_PLUGIN_JADE /**/
| #define ENABLE_PLUGIN_D0RUNICONE /**/
| #define ENABLE_PLUGIN_GRIDJET /**/
| #define HAVE_DLFCN_H 1
| #define LT_OBJDIR ".libs/"
| /* end confdefs.h.  */
| #include <ac_nonexistent.h>
configure:11850: checking for ld used by g++
configure:11917: result: /usr/bin/ld -m elf_x86_64
configure:11924: checking if the linker (/usr/bin/ld -m elf_x86_64) is GNU ld
configure:11939: result: yes
configure:11994: checking whether the g++ linker (/usr/bin/ld -m elf_x86_64) supports shared libraries
configure:13067: result: yes
configure:13103: g++ -c -O2 -Wall  conftest.cpp >&5
configure:13106: $? = 0
configure:13587: checking for g++ option to produce PIC
configure:13594: result: -fPIC -DPIC
configure:13602: checking if g++ PIC flag -fPIC -DPIC works
configure:13620: g++ -c -O2 -Wall  -fPIC -DPIC -DPIC conftest.cpp >&5
configure:13624: $? = 0
configure:13637: result: yes
configure:13660: checking if g++ static flag -static works
configure:13688: result: yes
configure:13700: checking if g++ supports -c -o file.o
configure:13721: g++ -c -O2 -Wall  -o out/conftest2.o conftest.cpp >&5
configure:13725: $? = 0
configure:13747: result: yes
configure:13752: checking if g++ supports -c -o file.o
configure:13799: result: yes
configure:13829: checking whether the g++ linker (/usr/bin/ld -m elf_x86_64) supports shared libraries
configure:13872: result: yes
configure:14013: checking dynamic linker characteristics
configure:14770: result: GNU/Linux ld.so
configure:14835: checking how to hardcode library paths into programs
configure:14860: result: immediate
configure:13816: checking for gfortran
configure:13832: found /usr/bin/gfortran
configure:13843: result: gfortran
configure:13869: checking for Fortran compiler version
configure:13878: gfortran --version >&5
GNU Fortran (Debian 8.3.0-6) 8.3.0
Copyright (C) 2018 Free Software Foundation, Inc.
This is free software; see the source for copying conditions.  There is NO
warranty; not even for MERCHANTABILITY or FITNESS FOR A PARTICULAR PURPOSE.

configure:13889: $? = 0
configure:13878: gfortran -v >&5
Using built-in specs.
COLLECT_GCC=gfortran
COLLECT_LTO_WRAPPER=/usr/lib/gcc/x86_64-linux-gnu/8/lto-wrapper
OFFLOAD_TARGET_NAMES=nvptx-none
OFFLOAD_TARGET_DEFAULT=1
Target: x86_64-linux-gnu
Configured with: ../src/configure -v --with-pkgversion='Debian 8.3.0-6' --with-bugurl=file:///usr/share/doc/gcc-8/README.Bugs --enable-languages=c,ada,c++,go,brig,d,fortran,objc,obj-c++ --prefix=/usr --with-gcc-major-version-only --program-suffix=-8 --program-prefix=x86_64-linux-gnu- --enable-shared --enable-linker-build-id --libexecdir=/usr/lib --without-included-gettext --enable-threads=posix --libdir=/usr/lib --enable-nls --enable-bootstrap --enable-clocale=gnu --enable-libstdcxx-debug --enable-libstdcxx-time=yes --with-default-libstdcxx-abi=new --enable-gnu-unique-object --disable-vtable-verify --enable-libmpx --enable-plugin --enable-default-pie --with-system-zlib --with-target-system-zlib --enable-objc-gc=auto --enable-multiarch --disable-werror --with-arch-32=i686 --with-abi=m64 --with-multilib-list=m32,m64,mx32 --enable-multilib --with-tune=generic --enable-offload-targets=nvptx-none --without-cuda-driver --enable-checking=release --build=x86_64-linux-gnu --host=x86_64-linux-gnu --target=x86_64-linux-gnu
Thread model: posix
gcc version 8.3.0 (Debian 8.3.0-6) 
configure:13889: $? = 0
configure:13878: gfortran -V >&5
gfortran: error: unrecognized command line option '-V'
gfortran: fatal error: no input files
compilation terminated.
configure:13889: $? = 1
configure:13878: gfortran -qversion >&5
gfortran: error: unrecognized command line option '-qversion'; did you mean '--version'?
gfortran: fatal error: no input files
compilation terminated.
configure:13889: $? = 1
configure:13898: checking whether we are using the GNU Fortran compiler
configure:13911: gfortran -c -O2  conftest.F >&5
configure:13911: $? = 0
configure:13920: result: yes
configure:13926: checking whether gfortran accepts -g
configure:13937: gfortran -c -g  conftest.f >&5
configure:13937: $? = 0
configure:13945: result: yes
configure:14077: checking if libtool supports shared libraries
configure:14079: result: yes
configure:14082: checking whether to build shared libraries
configure:14106: result: yes
configure:14109: checking whether to build static libraries
configure:14113: result: yes
configure:14147: gfortran -c -O2  conftest.f >&5
configure:14150: $? = 0
configure:14610: checking for gfortran option to produce PIC
configure:14617: result: -fPIC
configure:14625: checking if gfortran PIC flag -fPIC works
configure:14643: gfortran -c -O2 -fPIC  conftest.f >&5
configure:14647: $? = 0
configure:14660: result: yes
configure:14683: checking if gfortran static flag -static works
configure:14711: result: yes
configure:14723: checking if gfortran supports -c -o file.o
configure:14744: gfortran -c -O2 -o out/conftest2.o  conftest.f >&5
configure:14748: $? = 0
configure:14770: result: yes
configure:14775: checking if gfortran supports -c -o file.o
configure:14822: result: yes
configure:14852: checking whether the gfortran linker (/usr/bin/ld -m elf_x86_64) supports shared libraries
configure:16065: result: yes
configure:16206: checking dynamic linker characteristics
configure:16957: result: GNU/Linux ld.so
configure:17022: checking how to hardcode library paths into programs
configure:17047: result: immediate
configure:17087: checking how to get verbose linking output from gfortran
configure:17097: gfortran -c -O2  conftest.f >&5
configure:17097: $? = 0
configure:17115: gfortran -o conftest -O2 -v conftest.f -lm
Using built-in specs.
Target: x86_64-linux-gnu
Thread model: posix
gcc version 8.3.0 (Debian 8.3.0-6) 
 /usr/lib/gcc/x86_64-linux-gnu/8/f951 conftest.f -ffixed-form -quiet -dumpbase conftest.f -mtune=generic -march=x86-64 -auxbase conftest -O2 -version -fintrinsic-modules-path /usr/lib/gcc/x86_64-linux-gnu/8/finclude -o /tmp/ccd5tfB9.s
GNU Fortran (Debian 8.3.0-6) version 8.3.0 (x86_64-linux-gnu)
	compiled by GNU C version 8.3.0, GMP version 6.1.2, MPFR version 4.0.2, MPC version 1.1.0, isl version isl-0.20-GMP

GGC heuristics: --param ggc-min-expand=100 --param ggc-min-heapsize=131072
GNU Fortran2008 (Debian 8.3.0-6) version 8.3.0 (x86_64-linux-gnu)
	compiled by GNU C version 8.3.0, GMP version 6.1.2, MPFR version 4.0.2, MPC version 1.1.0, isl version isl-0.20-GMP

GGC heuristics: --param ggc-min-expand=100 --param ggc-min-heapsize=131072
 as -v --64 -o /tmp/ccr5CxL1.o /tmp/ccd5tfB9.s
GNU assembler version 2.31.1 (x86_64-linux-gnu) using BFD version (GNU Binutils for Debian) 2.31.1
Reading specs from /usr/lib/gcc/x86_64-linux-gnu/8/libgfortran.spec
rename spec lib to liborig
 /usr/lib/gcc/x86_64-linux-gnu/8/collect2 -plugin /usr/lib/gcc/x86_64-linux-gnu/8/liblto_plugin.so -plugin-opt=/usr/lib/gcc/x86_64-linux-gnu/8/lto-wrapper -plugin-opt=-fresolution=/tmp/ccxSh7WT.res -plugin-opt=-pass-through=-lgcc_s -plugin-opt=-pass-through=-lgcc -plugin-opt=-pass-through=-lquadmath -plugin-opt=-pass-through=-lm -plugin-opt=-pass-through=-lgcc_s -plugin-opt=-pass-through=-lgcc -plugin-opt=-pass-through=-lc -plugin-opt=-pass-through=-lgcc_s -plugin-opt=-pass-through=-lgcc --build-id --eh-frame-hdr -m elf_x86_64 --hash-style=gnu -dynamic-linker /lib64/ld-linux-x86-64.so.2 -pie -o conftest /usr/lib/gcc/x86_64-linux-gnu/8/../../../x86_64-linux-gnu/Scrt1.o /usr/lib/gcc/x86_64-linux-gnu/8/../../../x86_64-linux-gnu/crti.o /usr/lib/gcc/x86_64-linux-gnu/8/crtbeginS.o -L/usr/lib/gcc/x86_64-linux-gnu/8 -L/usr/lib/gcc/x86_64-linux-gnu/8/../../../x86_64-linux-gnu -L/usr/lib/gcc/x86_64-linux-gnu/8/../../../../lib -L/lib/x86_64-linux-gnu -L/lib/../lib -L/usr/lib/x86_64-linux-gnu -L/usr/lib/../lib -L/usr/lib/gcc/x86_64-linux-gnu/8/../../.. /tmp/ccr5CxL1.o -lgfortran -lm -lgfortran -lm -lgcc_s -lgcc -lquadmath -lm -lgcc_s -lgcc -lc -lgcc_s -lgcc /usr/lib/gcc/x86_64-linux-gnu/8/crtendS.o /usr/lib/gcc/x86_64-linux-gnu/8/../../../x86_64-linux-gnu/crtn.o
configure:17198: result: -v
configure:17200: checking for Fortran libraries of gfortran
configure:17223: gfortran -o conftest -O2 -v conftest.f -lm
Using built-in specs.
Target: x86_64-linux-gnu
Thread model: posix
gcc version 8.3.0 (Debian 8.3.0-6) 
 /usr/lib/gcc/x86_64-linux-gnu/8/f951 conftest.f -ffixed-form -quiet -dumpbase conftest.f -mtune=generic -march=x86-64 -auxbase conftest -O2 -version -fintrinsic-modules-path /usr/lib/gcc/x86_64-linux-gnu/8/finclude -o /tmp/cczcZej4.s
GNU Fortran (Debian 8.3.0-6) version 8.3.0 (x86_64-linux-gnu)
	compiled by GNU C version 8.3.0, GMP version 6.1.2, MPFR version 4.0.2, MPC version 1.1.0, isl version isl-0.20-GMP

GGC heuristics: --param ggc-min-expand=100 --param ggc-min-heapsize=131072
GNU Fortran2008 (Debian 8.3.0-6) version 8.3.0 (x86_64-linux-gnu)
	compiled by GNU C version 8.3.0, GMP version 6.1.2, MPFR version 4.0.2, MPC version 1.1.0, isl version isl-0.20-GMP

GGC heuristics: --param ggc-min-expand=100 --param ggc-min-heapsize=131072
 as -v --64 -o /tmp/ccDHbLJW.o /tmp/cczcZej4.s
GNU assembler version 2.31.1 (x86_64-linux-gnu) using BFD version (GNU Binutils for Debian) 2.31.1
Reading specs from /usr/lib/gcc/x86_64-linux-gnu/8/libgfortran.spec
rename spec lib to liborig
 /usr/lib/gcc/x86_64-linux-gnu/8/collect2 -plugin /usr/lib/gcc/x86_64-linux-gnu/8/liblto_plugin.so -plugin-opt=/usr/lib/gcc/x86_64-linux-gnu/8/lto-wrapper -plugin-opt=-fresolution=/tmp/cc3oTxbP.res -plugin-opt=-pass-through=-lgcc_s -plugin-opt=-pass-through=-lgcc -plugin-opt=-pass-through=-lquadmath -plugin-opt=-pass-through=-lm -plugin-opt=-pass-through=-lgcc_s -plugin-opt=-pass-through=-lgcc -plugin-opt=-pass-through=-lc -plugin-opt=-pass-through=-lgcc_s -plugin-opt=-pass-through=-lgcc --build-id --eh-frame-hdr -m elf_x86_64 --hash-style=gnu -dynamic-linker /lib64/ld-linux-x86-64.so.2 -pie -o conftest /usr/lib/gcc/x86_64-linux-gnu/8/../../../x86_64-linux-gnu/Scrt1.o /usr/lib/gcc/x86_64-linux-gnu/8/../../../x86_64-linux-gnu/crti.o /usr/lib/gcc/x86_64-linux-gnu/8/crtbeginS.o -L/usr/lib/gcc/x86_64-linux-gnu/8 -L/usr/lib/gcc/x86_64-linux-gnu/8/../../../x86_64-linux-gnu -L/usr/lib/gcc/x86_64-linux-gnu/8/../../../../lib -L/lib/x86_64-linux-gnu -L/lib/../lib -L/usr/lib/x86_64-linux-gnu -L/usr/lib/../lib -L/usr/lib/gcc/x86_64-linux-gnu/8/../../.. /tmp/ccDHbLJW.o -lgfortran -lm -lgfortran -lm -lgcc_s -lgcc -lquadmath -lm -lgcc_s -lgcc -lc -lgcc_s -lgcc /usr/lib/gcc/x86_64-linux-gnu/8/crtendS.o /usr/lib/gcc/x86_64-linux-gnu/8/../../../x86_64-linux-gnu/crtn.o
configure:17419: result:  -L/usr/lib/gcc/x86_64-linux-gnu/8 -L/usr/lib/gcc/x86_64-linux-gnu/8/../../../x86_64-linux-gnu -L/usr/lib/gcc/x86_64-linux-gnu/8/../../../../lib -L/lib/x86_64-linux-gnu -L/lib/../lib -L/usr/lib/x86_64-linux-gnu -L/usr/lib/../lib -L/usr/lib/gcc/x86_64-linux-gnu/8/../../.. -lgfortran -lm -lquadmath
configure:14755: checking if g++ supports -fno-inline
configure:14769: g++ -o conftest -Werror -fno-inline   conftest.cpp -lm  >&5
configure:14769: $? = 0
configure:14783: result: yes
configure:14820: checking whether to build the python interface
configure:14829: result: no
configure:15457: checking that generated files are newer than configure
configure:15463: result: done
configure:15550: creating ./config.status

## ---------------------- ##
## Running config.status. ##
## ---------------------- ##

This file was extended by FastJet config.status 3.3.2, which was
generated by GNU Autoconf 2.69.  Invocation command line was

  CONFIG_FILES    = 
  CONFIG_HEADERS  = 
  CONFIG_LINKS    = 
  CONFIG_COMMANDS = 
  $ ./config.status 

on localhost

config.status:1346: creating plugins/Makefile
config.status:1346: creating plugins/SISCone/Makefile
config.status:1346: creating plugins/SISCone/fastjet/Makefile
config.status:1346: creating plugins/CDFCones/Makefile
config.status:1346: creating plugins/CDFCones/fastjet/Makefile
config.status:1346: creating plugins/CDFCones/CDFcode/Makefile
config.status:1346: creating plugins/PxCone/Makefile
config.status:1346: creating plugins/PxCone/fastjet/Makefile
config.status:1346: creating plugins/D0RunIICone/Makefile
config.status:1346: creating plugins/D0RunIICone/fastjet/Makefile
config.status:1346: creating plugins/NestedDefs/Makefile
config.status:1346: creating plugins/NestedDefs/fastjet/Makefile
config.status:1346: creating plugins/TrackJet/Makefile
config.status:1346: creating plugins/TrackJet/fastjet/Makefile
config.status:1346: creating plugins/ATLASCone/Makefile
config.status:1346: creating plugins/ATLASCone/fastjet/Makefile
config.status:1346: creating plugins/CMSIterativeCone/Makefile
config.status:1346: creating plugins/CMSIterativeCone/fastjet/Makefile
config.status:1346: creating plugins/EECambridge/Makefile
config.status:1346: creating plugins/EECambridge/fastjet/Makefile
config.status:1346: creating plugins/Jade/Makefile
config.status:1346: creating plugins/Jade/fastjet/Makefile
config.status:1346: creating plugins/D0RunICone/Makefile
config.status:1346: creating plugins/D0RunICone/fastjet/Makefile
config.status:1346: creating plugins/GridJet/Makefile
config.status:1346: creating plugins/GridJet/fastjet/Makefile
config.status:1346: creating tools/Makefile
config.status:1346: creating tools/fastjet/Makefile
config.status:1346: creating tools/fastjet/tools/Makefile
config.status:1346: creating example/Makefile
config.status:1346: creating example/python/Makefile
config.status:1346: creating example/data/Makefile
config.status:1346: creating example/root/Makefile
config.status:1346: creating doc/Makefile
config.status:1346: creating doc/figs/Makefile
config.status:1346: creating fastjet-config
config.status:1346: creating fortran_wrapper/Makefile
config.status:1346: creating pyinterface/Makefile
config.status:1346: creating Makefile
config.status:1346: creating src/Makefile
config.status:1346: creating include/Makefile
config.status:1346: creating include/fastjet/Makefile
config.status:1346: creating include/fastjet/internal/Makefile
config.status:1346: creating include/fastjet/config_raw.h
config.status:1575: executing include/fastjet/config_auto.h commands
config.status:1613: creating include/fastjet/config_auto.h - prefix FASTJET for include/fastjet/config_raw.h defines
config.status:1575: executing depfiles commands
config.status:1742: cd plugins       && sed -e '/# am--include-marker/d' Makefile         | make -f - am--depfiles
config.status:1747: $? = 0
config.status:1742: cd plugins/SISCone       && sed -e '/# am--include-marker/d' Makefile         | make -f - am--depfiles
config.status:1747: $? = 0
config.status:1742: cd plugins/CDFCones       && sed -e '/# am--include-marker/d' Makefile         | make -f - am--depfiles
config.status:1747: $? = 0
config.status:1742: cd plugins/CDFCones/CDFcode       && sed -e '/# am--include-marker/d' Makefile         | make -f - am--depfiles
config.status:1747: $? = 0
config.status:1742: cd plugins/PxCone       && sed -e '/# am--include-marker/d' Makefile         | make -f - am--depfiles
config.status:1747: $? = 0
config.status:1742: cd plugins/D0RunIICone       && sed -e '/# am--include-marker/d' Makefile         | make -f - am--depfiles
config.status:1747: $? = 0
config.status:1742: cd plugins/NestedDefs       && sed -e '/# am--include-marker/d' Makefile         | make -f - am--depfiles
config.status:1747: $? = 0
config.status:1742: cd plugins/TrackJet       && sed -e '/# am--include-marker/d' Makefile         | make -f - am--depfiles
config.status:1747: $? = 0
config.status:1742: cd plugins/ATLASCone       && sed -e '/# am--include-marker/d' Makefile         | make -f - am--depfiles
config.status:1747: $? = 0
config.status:1742: cd plugins/CMSIterativeCone       && sed -e '/# am--include-marker/d' Makefile         | make -f - am--depfiles
config.status:1747: $? = 0
config.status:1742: cd plugins/EECambridge       && sed -e '/# am--include-marker/d' Makefile         | make -f - am--depfiles
config.status:1747: $? = 0
config.status:1742: cd plugins/Jade       && sed -e '/# am--include-marker/d' Makefile         | make -f - am--depfiles
config.status:1747: $? = 0
config.status:1742: cd plugins/D0RunICone       && sed -e '/# am--include-marker/d' Makefile         | make -f - am--depfiles
config.status:1747: $? = 0
config.status:1742: cd plugins/GridJet       && sed -e '/# am--include-marker/d' Makefile         | make -f - am--depfiles
config.status:1747: $? = 0
config.status:1742: cd tools       && sed -e '/# am--include-marker/d' Makefile         | make -f - am--depfiles
config.status:1747: $? = 0
config.status:1742: cd example       && sed -e '/# am--include-marker/d' Makefile         | make -f - am--depfiles
config.status:1747: $? = 0
config.status:1742: cd pyinterface       && sed -e '/# am--include-marker/d' Makefile         | make -f - am--depfiles
config.status:1747: $? = 0
config.status:1742: cd src       && sed -e '/# am--include-marker/d' Makefile         | make -f - am--depfiles
config.status:1747: $? = 0
config.status:1575: executing libtool commands
configure:18398: === configuring in plugins/SISCone/siscone (/home/asd/Statics/FastJet_Static/source/plugins/SISCone/siscone)
configure:18461: running /bin/bash ./configure --disable-option-checking '--prefix=/usr/local'  '--enable-allplugins' '--enable-cgal' --cache-file=/dev/null --srcdir=.

## ---------------- ##
## Cache variables. ##
## ---------------- ##

ac_cv_build=x86_64-pc-linux-gnu
ac_cv_c_compiler_gnu=yes
ac_cv_cxx_compiler_gnu=yes
ac_cv_env_CCC_set=
ac_cv_env_CCC_value=
ac_cv_env_CC_set=
ac_cv_env_CC_value=
ac_cv_env_CFLAGS_set=
ac_cv_env_CFLAGS_value=
ac_cv_env_CPPFLAGS_set=
ac_cv_env_CPPFLAGS_value=
ac_cv_env_CPP_set=
ac_cv_env_CPP_value=
ac_cv_env_CXXCPP_set=
ac_cv_env_CXXCPP_value=
ac_cv_env_CXXFLAGS_set=
ac_cv_env_CXXFLAGS_value=
ac_cv_env_CXX_set=
ac_cv_env_CXX_value=
ac_cv_env_FCFLAGS_set=
ac_cv_env_FCFLAGS_value=
ac_cv_env_FC_set=
ac_cv_env_FC_value=
ac_cv_env_LDFLAGS_set=
ac_cv_env_LDFLAGS_value=
ac_cv_env_LIBS_set=
ac_cv_env_LIBS_value=
ac_cv_env_LT_SYS_LIBRARY_PATH_set=
ac_cv_env_LT_SYS_LIBRARY_PATH_value=
ac_cv_env_PYTHON_CONFIG_set=
ac_cv_env_PYTHON_CONFIG_value=
ac_cv_env_PYTHON_INCLUDE_set=
ac_cv_env_PYTHON_INCLUDE_value=
ac_cv_env_PYTHON_set=
ac_cv_env_PYTHON_value=
ac_cv_env_build_alias_set=
ac_cv_env_build_alias_value=
ac_cv_env_host_alias_set=
ac_cv_env_host_alias_value=
ac_cv_env_target_alias_set=
ac_cv_env_target_alias_value=
ac_cv_fc_compiler_gnu=yes
ac_cv_fc_libs=' -L/usr/lib/gcc/x86_64-linux-gnu/8 -L/usr/lib/gcc/x86_64-linux-gnu/8/../../../x86_64-linux-gnu -L/usr/lib/gcc/x86_64-linux-gnu/8/../../../../lib -L/lib/x86_64-linux-gnu -L/lib/../lib -L/usr/lib/x86_64-linux-gnu -L/usr/lib/../lib -L/usr/lib/gcc/x86_64-linux-gnu/8/../../.. -lgfortran -lm -lquadmath'
ac_cv_header_CGAL_Exact_predicates_inexact_constructions_kernel_h=yes
ac_cv_header_dlfcn_h=yes
ac_cv_header_execinfo_h=yes
ac_cv_header_inttypes_h=yes
ac_cv_header_memory_h=yes
ac_cv_header_stdc=yes
ac_cv_header_stdint_h=yes
ac_cv_header_stdlib_h=yes
ac_cv_header_string_h=yes
ac_cv_header_strings_h=yes
ac_cv_header_sys_stat_h=yes
ac_cv_header_sys_types_h=yes
ac_cv_header_unistd_h=yes
ac_cv_host=x86_64-pc-linux-gnu
ac_cv_lib_CGAL_main=yes
ac_cv_lib_gmp_main=yes
ac_cv_lib_m_cos=yes
ac_cv_objext=o
ac_cv_path_EGREP='/usr/bin/grep -E'
ac_cv_path_FGREP='/usr/bin/grep -F'
ac_cv_path_GREP=/usr/bin/grep
ac_cv_path_SED=/usr/bin/sed
ac_cv_path_install='/usr/bin/install -c'
ac_cv_path_lt_DD=/usr/bin/dd
ac_cv_path_mkdir=/usr/bin/mkdir
ac_cv_prog_AWK=gawk
ac_cv_prog_CPP='gcc -E'
ac_cv_prog_CXXCPP='g++ -E'
ac_cv_prog_ac_ct_AR=ar
ac_cv_prog_ac_ct_CC=gcc
ac_cv_prog_ac_ct_CXX=g++
ac_cv_prog_ac_ct_FC=gfortran
ac_cv_prog_ac_ct_MANIFEST_TOOL=mt
ac_cv_prog_ac_ct_OBJDUMP=objdump
ac_cv_prog_ac_ct_RANLIB=ranlib
ac_cv_prog_ac_ct_STRIP=strip
ac_cv_prog_cc_c89=
ac_cv_prog_cc_g=yes
ac_cv_prog_cxx_found=yes
ac_cv_prog_cxx_g=yes
ac_cv_prog_fc_g=yes
ac_cv_prog_fc_v=-v
ac_cv_prog_make_make_set=yes
ac_cv_type_int=yes
ac_cv_type_long=yes
am_cv_CC_dependencies_compiler_type=gcc3
am_cv_CXX_dependencies_compiler_type=gcc3
am_cv_make_support_nested_variables=yes
am_cv_prog_cc_c_o=yes
am_cv_prog_tar_ustar=gnutar
ax_cv_cxx_flags__fp_model_strict__Werror=no
ax_cv_cxx_flags__frounding_math__Werror=yes
lt_cv_ar_at_file=@
lt_cv_archive_cmds_need_lc=no
lt_cv_deplibs_check_method=pass_all
lt_cv_file_magic_cmd='$MAGIC_CMD'
lt_cv_file_magic_test_file=
lt_cv_ld_reload_flag=-r
lt_cv_nm_interface='BSD nm'
lt_cv_objdir=.libs
lt_cv_path_LD=/usr/bin/ld
lt_cv_path_LDCXX='/usr/bin/ld -m elf_x86_64'
lt_cv_path_NM='/usr/bin/nm -B'
lt_cv_path_mainfest_tool=no
lt_cv_prog_compiler_c_o=yes
lt_cv_prog_compiler_c_o_CXX=yes
lt_cv_prog_compiler_c_o_FC=yes
lt_cv_prog_compiler_pic='-fPIC -DPIC'
lt_cv_prog_compiler_pic_CXX='-fPIC -DPIC'
lt_cv_prog_compiler_pic_FC=-fPIC
lt_cv_prog_compiler_pic_works=yes
lt_cv_prog_compiler_pic_works_CXX=yes
lt_cv_prog_compiler_pic_works_FC=yes
lt_cv_prog_compiler_rtti_exceptions=no
lt_cv_prog_compiler_static_works=yes
lt_cv_prog_compiler_static_works_CXX=yes
lt_cv_prog_compiler_static_works_FC=yes
lt_cv_prog_gnu_ld=yes
lt_cv_prog_gnu_ldcxx=yes
lt_cv_sharedlib_from_linklib_cmd='printf %s\n'
lt_cv_shlibpath_overrides_runpath=yes
lt_cv_sys_global_symbol_pipe='sed -n -e '\''s/^.*[	 ]\([ABCDGIRSTW][ABCDGIRSTW]*\)[	 ][	 ]*\([_A-Za-z][_A-Za-z0-9]*\)$/\1 \2 \2/p'\'' | sed '\''/ __gnu_lto/d'\'''
lt_cv_sys_global_symbol_to_c_name_address='sed -n -e '\''s/^: \(.*\) .*$/  {"\1", (void *) 0},/p'\'' -e '\''s/^[ABCDGIRSTW][ABCDGIRSTW]* .* \(.*\)$/  {"\1", (void *) \&\1},/p'\'''
lt_cv_sys_global_symbol_to_c_name_address_lib_prefix='sed -n -e '\''s/^: \(.*\) .*$/  {"\1", (void *) 0},/p'\'' -e '\''s/^[ABCDGIRSTW][ABCDGIRSTW]* .* \(lib.*\)$/  {"\1", (void *) \&\1},/p'\'' -e '\''s/^[ABCDGIRSTW][ABCDGIRSTW]* .* \(.*\)$/  {"lib\1", (void *) \&\1},/p'\'''
lt_cv_sys_global_symbol_to_cdecl='sed -n -e '\''s/^T .* \(.*\)$/extern int \1();/p'\'' -e '\''s/^[ABCDGIRSTW][ABCDGIRSTW]* .* \(.*\)$/extern char \1;/p'\'''
lt_cv_sys_global_symbol_to_import=
lt_cv_sys_max_cmd_len=1572864
lt_cv_to_host_file_cmd=func_convert_file_noop
lt_cv_to_tool_file_cmd=func_convert_file_noop
lt_cv_truncate_bin='/usr/bin/dd bs=4096 count=1'

## ----------------- ##
## Output variables. ##
## ----------------- ##

ACLOCAL='${SHELL} /home/asd/Statics/FastJet_Static/source/missing aclocal-1.16'
AMDEPBACKSLASH='\'
AMDEP_FALSE='#'
AMDEP_TRUE=''
AMTAR='$${TAR-tar}'
AM_BACKSLASH='\'
AM_CXXFLAGS='-O2 -Wall  -g  -Woverloaded-virtual   -frounding-math '
AM_DEFAULT_V='$(AM_DEFAULT_VERBOSITY)'
AM_DEFAULT_VERBOSITY='1'
AM_FCFLAGS=''
AM_FFLAGS=''
AM_V='$(V)'
AR='ar'
AUTOCONF='${SHELL} /home/asd/Statics/FastJet_Static/source/missing autoconf'
AUTOHEADER='${SHELL} /home/asd/Statics/FastJet_Static/source/missing autoheader'
AUTOMAKE='${SHELL} /home/asd/Statics/FastJet_Static/source/missing automake-1.16'
AWK='gawk'
AX_SWIG_PYTHON_CPPFLAGS=''
AX_SWIG_PYTHON_OPT=''
BUILD_INCLUDES_SWIG_FALSE=''
BUILD_INCLUDES_SWIG_TRUE='#'
BUILD_PLUGIN_ATLASCONE_FALSE='#'
BUILD_PLUGIN_ATLASCONE_TRUE=''
BUILD_PLUGIN_CDFCONES_FALSE='#'
BUILD_PLUGIN_CDFCONES_TRUE=''
BUILD_PLUGIN_CMSITERATIVECONE_FALSE='#'
BUILD_PLUGIN_CMSITERATIVECONE_TRUE=''
BUILD_PLUGIN_D0RUNICONE_FALSE='#'
BUILD_PLUGIN_D0RUNICONE_TRUE=''
BUILD_PLUGIN_D0RUNIICONE_FALSE='#'
BUILD_PLUGIN_D0RUNIICONE_TRUE=''
BUILD_PLUGIN_EECAMBRIDGE_FALSE='#'
BUILD_PLUGIN_EECAMBRIDGE_TRUE=''
BUILD_PLUGIN_GRIDJET_FALSE='#'
BUILD_PLUGIN_GRIDJET_TRUE=''
BUILD_PLUGIN_JADE_FALSE='#'
BUILD_PLUGIN_JADE_TRUE=''
BUILD_PLUGIN_NESTEDDEFS_FALSE='#'
BUILD_PLUGIN_NESTEDDEFS_TRUE=''
BUILD_PLUGIN_PXCONE_FALSE='#'
BUILD_PLUGIN_PXCONE_TRUE=''
BUILD_PLUGIN_SISCONE_FALSE='#'
BUILD_PLUGIN_SISCONE_TRUE=''
BUILD_PLUGIN_TRACKJET_FALSE='#'
BUILD_PLUGIN_TRACKJET_TRUE=''
BUILD_PYEXT_FALSE=''
BUILD_PYEXT_TRUE='#'
CC='gcc'
CCDEPMODE='depmode=gcc3'
CFLAGS='-g -O2'
CGAL_CPPFLAGS=' -frounding-math'
CGAL_LIBS=' -lCGAL -lgmp'
CONFIGURE_INVOCATION='./configure  '\''--enable-allplugins'\'' '\''--enable-cgal'\'''
CONFIG_CXXFLAGS=''
CONFIG_LIBS=' -lm   -lCGAL -lgmp '
CONFIG_LIBS_PLUGINS=' -lfastjetplugins  -lsiscone_spherical -lsiscone   -L/usr/lib/gcc/x86_64-linux-gnu/8 -L/usr/lib/gcc/x86_64-linux-gnu/8/../../../x86_64-linux-gnu -L/usr/lib/gcc/x86_64-linux-gnu/8/../../../../lib -L/lib/x86_64-linux-gnu -L/lib/../lib -L/usr/lib/x86_64-linux-gnu -L/usr/lib/../lib -L/usr/lib/gcc/x86_64-linux-gnu/8/../../.. -lgfortran -lm -lquadmath'
CONFIG_LIBS_PLUGINS_STATIC=' ${installationdir}/lib/libfastjetplugins.a  ${installationdir}/lib/libsiscone.a ${installationdir}/lib/libsiscone_spherical.a   -L/usr/lib/gcc/x86_64-linux-gnu/8 -L/usr/lib/gcc/x86_64-linux-gnu/8/../../../x86_64-linux-gnu -L/usr/lib/gcc/x86_64-linux-gnu/8/../../../../lib -L/lib/x86_64-linux-gnu -L/lib/../lib -L/usr/lib/x86_64-linux-gnu -L/usr/lib/../lib -L/usr/lib/gcc/x86_64-linux-gnu/8/../../.. -lgfortran -lm -lquadmath'
CONFIG_RUNPATH_FLAGS='-Wl,--enable-new-dtags'
CONFIG_SUMMARY='Configuration summary:\n----------------------\n  Installation directory     /usr/local\n  Shared libraries           yes\n  Static libraries           yes\n  Debug flag                 yes\n  CGAL support               yes\n  Plugins: EECambridge       yes\n           Jade              yes\n           NestedDefs        yes\n           SISCone           yes\n           CDFCones          yes\n           D0RunICone        yes\n           D0RunIICone       yes\n           ATLASCone         yes\n           CMSIterativeCone  yes\n           PxCone            yes\n           TrackJet          yes\n           GridJet           yes\n  Monolithic plugins lib     yes\n  Python interface           no\n  Swig python generator      no\n'
CPP='gcc -E'
CPPFLAGS=''
CXX='g++'
CXXCPP='g++ -E'
CXXDEPMODE='depmode=gcc3'
CXXFLAGS=''
CYGPATH_W='echo'
D0_CXXFLAGS='-O2 -Wall  -g  -Woverloaded-virtual   -frounding-math  -fno-inline'
DEFS='-DHAVE_CONFIG_H'
DEPDIR='.deps'
DLLTOOL='false'
DSYMUTIL=''
DUMPBIN=''
ECHO_C=''
ECHO_N='-n'
ECHO_T=''
EGREP='/usr/bin/grep -E'
EXEEXT=''
F77='gfortran'
FC='gfortran'
FCFLAGS='-O2'
FCLIBS=' -L/usr/lib/gcc/x86_64-linux-gnu/8 -L/usr/lib/gcc/x86_64-linux-gnu/8/../../../x86_64-linux-gnu -L/usr/lib/gcc/x86_64-linux-gnu/8/../../../../lib -L/lib/x86_64-linux-gnu -L/lib/../lib -L/usr/lib/x86_64-linux-gnu -L/usr/lib/../lib -L/usr/lib/gcc/x86_64-linux-gnu/8/../../.. -lgfortran -lm -lquadmath'
FFLAGS=' -O2'
FGREP='/usr/bin/grep -F'
FLIBS='  -L/usr/lib/gcc/x86_64-linux-gnu/8 -L/usr/lib/gcc/x86_64-linux-gnu/8/../../../x86_64-linux-gnu -L/usr/lib/gcc/x86_64-linux-gnu/8/../../../../lib -L/lib/x86_64-linux-gnu -L/lib/../lib -L/usr/lib/x86_64-linux-gnu -L/usr/lib/../lib -L/usr/lib/gcc/x86_64-linux-gnu/8/../../.. -lgfortran -lm -lquadmath'
GREP='/usr/bin/grep'
HAS_RUNPATH_SUPPORT='yes'
HAS_SHARED='yes'
INSTALL_DATA='${INSTALL} -m 644'
INSTALL_PROGRAM='${INSTALL}'
INSTALL_SCRIPT='${INSTALL}'
INSTALL_STRIP_PROGRAM='$(install_sh) -c -s'
LD='/usr/bin/ld -m elf_x86_64'
LDFLAGS=''
LIBOBJS=''
LIBS='-lm '
LIBTOOL='$(SHELL) $(top_builddir)/libtool'
LIPO=''
LIST_ALL_PLUGINS=' SISCone CDFCones PxCone D0RunIICone NestedDefs TrackJet ATLASCone CMSIterativeCone EECambridge Jade D0RunICone GridJet'
LN_S='ln -s'
LTLIBOBJS=''
LT_SYS_LIBRARY_PATH=''
MAKEINFO='${SHELL} /home/asd/Statics/FastJet_Static/source/missing makeinfo'
MANIFEST_TOOL=':'
MKDIR_P='/usr/bin/mkdir -p'
MONOLITHIC_PLUGINS_FALSE='#'
MONOLITHIC_PLUGINS_TRUE=''
NM='/usr/bin/nm -B'
NMEDIT=''
OBJDUMP='objdump'
OBJEXT='o'
OTOOL64=''
OTOOL=''
PACKAGE='fastjet'
PACKAGE_BUGREPORT=''
PACKAGE_NAME='FastJet'
PACKAGE_STRING='FastJet 3.3.2'
PACKAGE_TARNAME='fastjet'
PACKAGE_URL=''
PACKAGE_VERSION='3.3.2'
PATH_SEPARATOR=':'
PYTHON=''
PYTHON_CONFIG=''
PYTHON_EXEC_PREFIX=''
PYTHON_INCLUDE=''
PYTHON_PLATFORM=''
PYTHON_PREFIX=''
PYTHON_VERSION=''
RANLIB='ranlib'
SED='/usr/bin/sed'
SET_MAKE=''
SHELL='/bin/bash'
STRIP='strip'
SWIG=''
SWIG_LIB=''
VERSION='3.3.2'
ac_ct_AR='ar'
ac_ct_CC='gcc'
ac_ct_CXX='g++'
ac_ct_DUMPBIN=''
ac_ct_FC='gfortran'
am__EXEEXT_FALSE=''
am__EXEEXT_TRUE='#'
am__fastdepCC_FALSE='#'
am__fastdepCC_TRUE=''
am__fastdepCXX_FALSE='#'
am__fastdepCXX_TRUE=''
am__include='include'
am__isrc=''
am__leading_dot='.'
am__nodep='_no'
am__quote=''
am__tar='tar --format=ustar -chf - "$$tardir"'
am__untar='tar -xf -'
bindir='${exec_prefix}/bin'
build='x86_64-pc-linux-gnu'
build_alias=''
build_cpu='x86_64'
build_os='linux-gnu'
build_vendor='pc'
cxx_found='yes'
datadir='${datarootdir}'
datarootdir='${prefix}/share'
docdir='${datarootdir}/doc/${PACKAGE_TARNAME}'
dvidir='${docdir}'
exec_prefix='${prefix}'
host='x86_64-pc-linux-gnu'
host_alias=''
host_cpu='x86_64'
host_os='linux-gnu'
host_vendor='pc'
htmldir='${docdir}'
includedir='${prefix}/include'
infodir='${datarootdir}/info'
install_sh='${SHELL} /home/asd/Statics/FastJet_Static/source/install-sh'
libdir='${exec_prefix}/lib'
libexecdir='${exec_prefix}/libexec'
localedir='${datarootdir}/locale'
localstatedir='${prefix}/var'
mandir='${datarootdir}/man'
mkdir_p='$(MKDIR_P)'
oldincludedir='/usr/include'
pdfdir='${docdir}'
pkgpyexecdir=''
pkgpythondir=''
prefix='/usr/local'
program_transform_name='s,x,x,'
psdir='${docdir}'
pyexecdir=''
pythondir=''
runstatedir='${localstatedir}/run'
sbindir='${exec_prefix}/sbin'
sharedstatedir='${prefix}/com'
subdirs=' plugins/SISCone/siscone'
sysconfdir='${prefix}/etc'
target_alias=''

## ----------- ##
## confdefs.h. ##
## ----------- ##

/* confdefs.h */
#define PACKAGE_NAME "FastJet"
#define PACKAGE_TARNAME "fastjet"
#define PACKAGE_VERSION "3.3.2"
#define PACKAGE_STRING "FastJet 3.3.2"
#define PACKAGE_BUGREPORT ""
#define PACKAGE_URL ""
#define PACKAGE "fastjet"
#define VERSION "3.3.2"
#define STDC_HEADERS 1
#define HAVE_SYS_TYPES_H 1
#define HAVE_SYS_STAT_H 1
#define HAVE_STDLIB_H 1
#define HAVE_STRING_H 1
#define HAVE_MEMORY_H 1
#define HAVE_STRINGS_H 1
#define HAVE_INTTYPES_H 1
#define HAVE_STDINT_H 1
#define HAVE_UNISTD_H 1
#define STDC_HEADERS 1
#define HAVE_AUTO_PTR_INTERFACE /**/
#define HAVE_CXX14_DEPRECATED /**/
#define HAVE_GNUCXX_DEPRECATED /**/
#define HAVE_OVERRIDE /**/
#define HAVE_EXPLICIT_FOR_OPERATORS /**/
#define HAVE_EXECINFO_H 1
#define HAVE_LIBM 1
#define ENABLE_PLUGIN_SISCONE /**/
#define ENABLE_PLUGIN_CDFCONES /**/
#define ENABLE_PLUGIN_PXCONE /**/
#define ENABLE_PLUGIN_D0RUNIICONE /**/
#define ENABLE_PLUGIN_NESTEDDEFS /**/
#define ENABLE_PLUGIN_TRACKJET /**/
#define ENABLE_PLUGIN_ATLASCONE /**/
#define ENABLE_PLUGIN_CMSITERATIVECONE /**/
#define ENABLE_PLUGIN_EECAMBRIDGE /**/
#define ENABLE_PLUGIN_JADE /**/
#define ENABLE_PLUGIN_D0RUNICONE /**/
#define ENABLE_PLUGIN_GRIDJET /**/
#define HAVE_DLFCN_H 1
#define LT_OBJDIR ".libs/"
#define VERSION_MAJOR 3
#define VERSION_MINOR 3
#define VERSION_PATCHLEVEL 2
#define VERSION_NUMBER 30302

configure: exit 0
